TN:
SF:apns-push.js
FN:31,sendPassUpdate
FN:32,(anonymous_1)
FN:46,(anonymous_2)
FN:63,(anonymous_3)
FN:73,(anonymous_4)
FN:77,(anonymous_5)
FN:84,(anonymous_6)
FN:101,sendPassUpdateToMany
FNF:8
FNH:0
FNDA:0,sendPassUpdate
FNDA:0,(anonymous_1)
FNDA:0,(anonymous_2)
FNDA:0,(anonymous_3)
FNDA:0,(anonymous_4)
FNDA:0,(anonymous_5)
FNDA:0,(anonymous_6)
FNDA:0,sendPassUpdateToMany
DA:3,0
DA:4,0
DA:5,0
DA:7,0
DA:8,0
DA:11,0
DA:14,0
DA:18,0
DA:19,0
DA:20,0
DA:21,0
DA:23,0
DA:32,0
DA:33,0
DA:34,0
DA:35,0
DA:38,0
DA:40,0
DA:46,0
DA:47,0
DA:48,0
DA:51,0
DA:59,0
DA:61,0
DA:63,0
DA:64,0
DA:65,0
DA:66,0
DA:67,0
DA:69,0
DA:73,0
DA:74,0
DA:77,0
DA:78,0
DA:79,0
DA:81,0
DA:84,0
DA:85,0
DA:86,0
DA:87,0
DA:91,0
DA:92,0
DA:102,0
DA:103,0
DA:105,0
DA:106,0
DA:107,0
DA:108,0
DA:110,0
DA:111,0
DA:115,0
DA:118,0
DA:120,0
LF:53
LH:0
BRDA:33,0,0,0
BRDA:33,0,1,0
BRDA:33,1,0,0
BRDA:33,1,1,0
BRDA:65,2,0,0
BRDA:65,2,1,0
BRDA:78,3,0,0
BRDA:78,3,1,0
BRF:8
BRH:0
end_of_record
TN:
SF:app.js
FN:2,(anonymous_0)
FN:13,loadStatsAndInitCounters
FN:19,(anonymous_2)
FN:55,loadMembersFromAPI
FN:59,(anonymous_4)
FN:81,initNavigation
FN:85,(anonymous_6)
FN:86,(anonymous_7)
FN:90,(anonymous_8)
FN:93,(anonymous_9)
FN:104,initSidebar
FN:108,(anonymous_11)
FN:114,initCounters
FN:117,(anonymous_13)
FN:118,(anonymous_14)
FN:126,(anonymous_15)
FN:129,animateCounter
FN:134,(anonymous_17)
FN:149,initMembersTable
FN:153,(anonymous_19)
FN:154,(anonymous_20)
FN:194,(anonymous_21)
FN:196,(anonymous_22)
FN:206,renderStampsSmall
FN:214,renderTopMembers
FN:218,(anonymous_25)
FN:220,(anonymous_26)
FN:221,(anonymous_27)
FN:237,(anonymous_28)
FN:238,(anonymous_29)
FN:241,(anonymous_30)
FN:294,renderStampsLarge
FN:302,renderRewardHistory
FN:307,(anonymous_33)
FN:320,(anonymous_34)
FN:321,(anonymous_35)
FN:363,(anonymous_36)
FN:364,(anonymous_37)
FN:396,initCharts
FN:402,initStampsChart
FN:433,initRewardsChart
FN:468,initGrowthChart
FN:499,initModals
FN:504,(anonymous_43)
FN:509,openModal
FN:519,(anonymous_45)
FN:523,(anonymous_46)
FN:541,showToast
FN:557,(anonymous_48)
FN:560,(anonymous_49)
FN:569,(anonymous_50)
FN:576,initCampaignTabs
FN:580,(anonymous_52)
FN:581,(anonymous_53)
FN:584,(anonymous_54)
FN:585,(anonymous_55)
FN:594,populateMemberSelects
FN:608,(anonymous_57)
FN:621,(anonymous_58)
FN:630,(anonymous_59)
FN:645,(anonymous_60)
FN:656,(anonymous_61)
FN:668,(anonymous_62)
FN:679,(anonymous_63)
FN:702,(anonymous_64)
FN:769,(anonymous_65)
FN:786,(anonymous_66)
FN:820,(anonymous_67)
FN:821,(anonymous_68)
FN:861,(anonymous_69)
FN:886,(anonymous_70)
FN:887,(anonymous_71)
FN:934,(anonymous_72)
FN:938,checkBirthdays
FN:944,(anonymous_74)
FN:949,(anonymous_75)
FN:969,showBirthdayNotification
FN:970,(anonymous_77)
FN:978,(anonymous_78)
FN:980,(anonymous_79)
FN:1030,saveUsers
FN:1035,(anonymous_81)
FN:1044,(anonymous_82)
FN:1058,updateUsersList
FN:1070,(anonymous_84)
FN:1103,(anonymous_85)
FN:1104,(anonymous_86)
FN:1131,(anonymous_87)
FN:1154,(anonymous_88)
FN:1168,(anonymous_89)
FN:1185,(anonymous_90)
FN:1206,(anonymous_91)
FN:1207,(anonymous_92)
FN:1223,(anonymous_93)
FN:1239,(anonymous_94)
FN:1245,(anonymous_95)
FN:1251,(anonymous_96)
FN:1289,saveStores
FN:1296,(anonymous_98)
FN:1303,(anonymous_99)
FN:1317,(anonymous_100)
FN:1360,(anonymous_101)
FN:1361,(anonymous_102)
FN:1379,(anonymous_103)
FN:1380,(anonymous_104)
FN:1394,updateStoresList
FN:1400,(anonymous_106)
FN:1422,(anonymous_107)
FN:1428,(anonymous_108)
FN:1429,(anonymous_109)
FN:1468,loadCampaigns
FN:1479,renderCampaigns
FN:1493,(anonymous_112)
FN:1512,(anonymous_113)
FN:1524,loadMessages
FN:1535,renderMessages
FN:1549,(anonymous_116)
FN:1561,loadRewardHistory
FN:1572,renderGlobalRewardHistory
FN:1586,(anonymous_119)
FN:1598,(anonymous_120)
FN:1605,(anonymous_121)
FN:1644,initMemberSearchData
FN:1659,(anonymous_123)
FN:1673,(anonymous_124)
FN:1686,(anonymous_125)
FN:1689,(anonymous_126)
FN:1709,highlightMatch
FN:1721,(anonymous_128)
FN:1748,showSelectedMemberChip
FN:1753,(anonymous_130)
FN:1767,(anonymous_131)
FN:1787,(anonymous_132)
FN:1789,(anonymous_133)
FN:1794,(anonymous_134)
FNF:135
FNH:0
FNDA:0,(anonymous_0)
FNDA:0,loadStatsAndInitCounters
FNDA:0,(anonymous_2)
FNDA:0,loadMembersFromAPI
FNDA:0,(anonymous_4)
FNDA:0,initNavigation
FNDA:0,(anonymous_6)
FNDA:0,(anonymous_7)
FNDA:0,(anonymous_8)
FNDA:0,(anonymous_9)
FNDA:0,initSidebar
FNDA:0,(anonymous_11)
FNDA:0,initCounters
FNDA:0,(anonymous_13)
FNDA:0,(anonymous_14)
FNDA:0,(anonymous_15)
FNDA:0,animateCounter
FNDA:0,(anonymous_17)
FNDA:0,initMembersTable
FNDA:0,(anonymous_19)
FNDA:0,(anonymous_20)
FNDA:0,(anonymous_21)
FNDA:0,(anonymous_22)
FNDA:0,renderStampsSmall
FNDA:0,renderTopMembers
FNDA:0,(anonymous_25)
FNDA:0,(anonymous_26)
FNDA:0,(anonymous_27)
FNDA:0,(anonymous_28)
FNDA:0,(anonymous_29)
FNDA:0,(anonymous_30)
FNDA:0,renderStampsLarge
FNDA:0,renderRewardHistory
FNDA:0,(anonymous_33)
FNDA:0,(anonymous_34)
FNDA:0,(anonymous_35)
FNDA:0,(anonymous_36)
FNDA:0,(anonymous_37)
FNDA:0,initCharts
FNDA:0,initStampsChart
FNDA:0,initRewardsChart
FNDA:0,initGrowthChart
FNDA:0,initModals
FNDA:0,(anonymous_43)
FNDA:0,openModal
FNDA:0,(anonymous_45)
FNDA:0,(anonymous_46)
FNDA:0,showToast
FNDA:0,(anonymous_48)
FNDA:0,(anonymous_49)
FNDA:0,(anonymous_50)
FNDA:0,initCampaignTabs
FNDA:0,(anonymous_52)
FNDA:0,(anonymous_53)
FNDA:0,(anonymous_54)
FNDA:0,(anonymous_55)
FNDA:0,populateMemberSelects
FNDA:0,(anonymous_57)
FNDA:0,(anonymous_58)
FNDA:0,(anonymous_59)
FNDA:0,(anonymous_60)
FNDA:0,(anonymous_61)
FNDA:0,(anonymous_62)
FNDA:0,(anonymous_63)
FNDA:0,(anonymous_64)
FNDA:0,(anonymous_65)
FNDA:0,(anonymous_66)
FNDA:0,(anonymous_67)
FNDA:0,(anonymous_68)
FNDA:0,(anonymous_69)
FNDA:0,(anonymous_70)
FNDA:0,(anonymous_71)
FNDA:0,(anonymous_72)
FNDA:0,checkBirthdays
FNDA:0,(anonymous_74)
FNDA:0,(anonymous_75)
FNDA:0,showBirthdayNotification
FNDA:0,(anonymous_77)
FNDA:0,(anonymous_78)
FNDA:0,(anonymous_79)
FNDA:0,saveUsers
FNDA:0,(anonymous_81)
FNDA:0,(anonymous_82)
FNDA:0,updateUsersList
FNDA:0,(anonymous_84)
FNDA:0,(anonymous_85)
FNDA:0,(anonymous_86)
FNDA:0,(anonymous_87)
FNDA:0,(anonymous_88)
FNDA:0,(anonymous_89)
FNDA:0,(anonymous_90)
FNDA:0,(anonymous_91)
FNDA:0,(anonymous_92)
FNDA:0,(anonymous_93)
FNDA:0,(anonymous_94)
FNDA:0,(anonymous_95)
FNDA:0,(anonymous_96)
FNDA:0,saveStores
FNDA:0,(anonymous_98)
FNDA:0,(anonymous_99)
FNDA:0,(anonymous_100)
FNDA:0,(anonymous_101)
FNDA:0,(anonymous_102)
FNDA:0,(anonymous_103)
FNDA:0,(anonymous_104)
FNDA:0,updateStoresList
FNDA:0,(anonymous_106)
FNDA:0,(anonymous_107)
FNDA:0,(anonymous_108)
FNDA:0,(anonymous_109)
FNDA:0,loadCampaigns
FNDA:0,renderCampaigns
FNDA:0,(anonymous_112)
FNDA:0,(anonymous_113)
FNDA:0,loadMessages
FNDA:0,renderMessages
FNDA:0,(anonymous_116)
FNDA:0,loadRewardHistory
FNDA:0,renderGlobalRewardHistory
FNDA:0,(anonymous_119)
FNDA:0,(anonymous_120)
FNDA:0,(anonymous_121)
FNDA:0,initMemberSearchData
FNDA:0,(anonymous_123)
FNDA:0,(anonymous_124)
FNDA:0,(anonymous_125)
FNDA:0,(anonymous_126)
FNDA:0,highlightMatch
FNDA:0,(anonymous_128)
FNDA:0,showSelectedMemberChip
FNDA:0,(anonymous_130)
FNDA:0,(anonymous_131)
FNDA:0,(anonymous_132)
FNDA:0,(anonymous_133)
FNDA:0,(anonymous_134)
DA:2,0
DA:3,0
DA:4,0
DA:6,0
DA:7,0
DA:8,0
DA:9,0
DA:14,0
DA:15,0
DA:16,0
DA:19,0
DA:20,0
DA:21,0
DA:23,0
DA:25,0
DA:26,0
DA:28,0
DA:29,0
DA:31,0
DA:32,0
DA:34,0
DA:35,0
DA:38,0
DA:41,0
DA:43,0
DA:47,0
DA:52,0
DA:56,0
DA:57,0
DA:58,0
DA:59,0
DA:70,0
DA:71,0
DA:73,0
DA:74,0
DA:82,0
DA:83,0
DA:85,0
DA:86,0
DA:87,0
DA:88,0
DA:90,0
DA:91,0
DA:93,0
DA:94,0
DA:95,0
DA:96,0
DA:105,0
DA:106,0
DA:108,0
DA:109,0
DA:115,0
DA:117,0
DA:118,0
DA:119,0
DA:120,0
DA:121,0
DA:126,0
DA:130,0
DA:131,0
DA:132,0
DA:134,0
DA:135,0
DA:136,0
DA:137,0
DA:138,0
DA:140,0
DA:142,0
DA:145,0
DA:150,0
DA:151,0
DA:153,0
DA:154,0
DA:155,0
DA:156,0
DA:189,0
DA:193,0
DA:194,0
DA:195,0
DA:196,0
DA:197,0
DA:198,0
DA:203,0
DA:207,0
DA:208,0
DA:209,0
DA:211,0
DA:215,0
DA:216,0
DA:218,0
DA:220,0
DA:221,0
DA:222,0
DA:223,0
DA:224,0
DA:232,0
DA:237,0
DA:238,0
DA:239,0
DA:241,0
DA:243,0
DA:295,0
DA:296,0
DA:297,0
DA:299,0
DA:303,0
DA:304,0
DA:307,0
DA:320,0
DA:321,0
DA:322,0
DA:324,0
DA:326,0
DA:331,0
DA:333,0
DA:335,0
DA:336,0
DA:337,0
DA:338,0
DA:340,0
DA:342,0
DA:344,0
DA:348,0
DA:349,0
DA:350,0
DA:351,0
DA:354,0
DA:357,0
DA:358,0
DA:363,0
DA:364,0
DA:365,0
DA:367,0
DA:368,0
DA:373,0
DA:375,0
DA:376,0
DA:377,0
DA:380,0
DA:381,0
DA:382,0
DA:383,0
DA:386,0
DA:389,0
DA:390,0
DA:397,0
DA:398,0
DA:399,0
DA:403,0
DA:404,0
DA:406,0
DA:434,0
DA:435,0
DA:437,0
DA:469,0
DA:470,0
DA:472,0
DA:500,0
DA:501,0
DA:503,0
DA:504,0
DA:505,0
DA:510,0
DA:511,0
DA:512,0
DA:514,0
DA:515,0
DA:516,0
DA:519,0
DA:520,0
DA:523,0
DA:524,0
DA:542,0
DA:543,0
DA:545,0
DA:546,0
DA:547,0
DA:548,0
DA:556,0
DA:557,0
DA:558,0
DA:559,0
DA:560,0
DA:569,0
DA:570,0
DA:571,0
DA:572,0
DA:573,0
DA:577,0
DA:578,0
DA:580,0
DA:581,0
DA:582,0
DA:584,0
DA:585,0
DA:587,0
DA:588,0
DA:595,0
DA:597,0
DA:599,0
DA:600,0
DA:601,0
DA:602,0
DA:605,0
DA:608,0
DA:609,0
DA:610,0
DA:615,0
DA:616,0
DA:617,0
DA:621,0
DA:622,0
DA:623,0
DA:626,0
DA:627,0
DA:630,0
DA:631,0
DA:632,0
DA:633,0
DA:634,0
DA:638,0
DA:640,0
DA:645,0
DA:646,0
DA:647,0
DA:649,0
DA:650,0
DA:652,0
DA:656,0
DA:657,0
DA:658,0
DA:660,0
DA:661,0
DA:663,0
DA:668,0
DA:669,0
DA:670,0
DA:671,0
DA:673,0
DA:674,0
DA:675,0
DA:679,0
DA:680,0
DA:681,0
DA:682,0
DA:683,0
DA:686,0
DA:702,0
DA:703,0
DA:704,0
DA:706,0
DA:707,0
DA:708,0
DA:711,0
DA:712,0
DA:715,0
DA:716,0
DA:717,0
DA:718,0
DA:719,0
DA:723,0
DA:724,0
DA:725,0
DA:727,0
DA:729,0
DA:731,0
DA:732,0
DA:740,0
DA:746,0
DA:747,0
DA:751,0
DA:754,0
DA:755,0
DA:756,0
DA:759,0
DA:760,0
DA:763,0
DA:764,0
DA:769,0
DA:770,0
DA:771,0
DA:773,0
DA:779,0
DA:780,0
DA:782,0
DA:786,0
DA:787,0
DA:820,0
DA:821,0
DA:822,0
DA:824,0
DA:861,0
DA:862,0
DA:863,0
DA:865,0
DA:880,0
DA:881,0
DA:882,0
DA:886,0
DA:887,0
DA:888,0
DA:889,0
DA:891,0
DA:892,0
DA:893,0
DA:896,0
DA:897,0
DA:903,0
DA:904,0
DA:907,0
DA:908,0
DA:910,0
DA:911,0
DA:920,0
DA:934,0
DA:935,0
DA:939,0
DA:940,0
DA:942,0
DA:944,0
DA:945,0
DA:946,0
DA:948,0
DA:949,0
DA:950,0
DA:951,0
DA:953,0
DA:954,0
DA:955,0
DA:964,0
DA:965,0
DA:970,0
DA:972,0
DA:978,0
DA:980,0
DA:997,0
DA:998,0
DA:999,0
DA:1000,0
DA:1009,0
DA:1028,0
DA:1031,0
DA:1035,0
DA:1036,0
DA:1037,0
DA:1040,0
DA:1044,0
DA:1045,0
DA:1046,0
DA:1048,0
DA:1049,0
DA:1050,0
DA:1052,0
DA:1053,0
DA:1059,0
DA:1060,0
DA:1062,0
DA:1064,0
DA:1070,0
DA:1071,0
DA:1072,0
DA:1073,0
DA:1074,0
DA:1076,0
DA:1096,0
DA:1100,0
DA:1103,0
DA:1104,0
DA:1105,0
DA:1107,0
DA:1110,0
DA:1111,0
DA:1112,0
DA:1113,0
DA:1114,0
DA:1115,0
DA:1118,0
DA:1119,0
DA:1121,0
DA:1122,0
DA:1123,0
DA:1127,0
DA:1131,0
DA:1132,0
DA:1134,0
DA:1135,0
DA:1136,0
DA:1137,0
DA:1138,0
DA:1139,0
DA:1142,0
DA:1143,0
DA:1144,0
DA:1147,0
DA:1148,0
DA:1149,0
DA:1152,0
DA:1154,0
DA:1155,0
DA:1156,0
DA:1157,0
DA:1158,0
DA:1159,0
DA:1160,0
DA:1161,0
DA:1162,0
DA:1164,0
DA:1167,0
DA:1168,0
DA:1175,0
DA:1176,0
DA:1177,0
DA:1180,0
DA:1181,0
DA:1185,0
DA:1186,0
DA:1187,0
DA:1190,0
DA:1193,0
DA:1194,0
DA:1196,0
DA:1197,0
DA:1198,0
DA:1202,0
DA:1206,0
DA:1207,0
DA:1208,0
DA:1210,0
DA:1211,0
DA:1214,0
DA:1215,0
DA:1216,0
DA:1217,0
DA:1218,0
DA:1223,0
DA:1224,0
DA:1225,0
DA:1226,0
DA:1228,0
DA:1229,0
DA:1230,0
DA:1239,0
DA:1240,0
DA:1241,0
DA:1245,0
DA:1246,0
DA:1247,0
DA:1251,0
DA:1252,0
DA:1257,0
DA:1260,0
DA:1261,0
DA:1262,0
DA:1263,0
DA:1264,0
DA:1265,0
DA:1266,0
DA:1268,0
DA:1277,0
DA:1287,0
DA:1290,0
DA:1293,0
DA:1296,0
DA:1297,0
DA:1298,0
DA:1299,0
DA:1303,0
DA:1304,0
DA:1305,0
DA:1306,0
DA:1308,0
DA:1309,0
DA:1310,0
DA:1311,0
DA:1313,0
DA:1317,0
DA:1318,0
DA:1320,0
DA:1321,0
DA:1322,0
DA:1323,0
DA:1325,0
DA:1326,0
DA:1327,0
DA:1330,0
DA:1331,0
DA:1332,0
DA:1337,0
DA:1338,0
DA:1339,0
DA:1341,0
DA:1346,0
DA:1347,0
DA:1349,0
DA:1350,0
DA:1351,0
DA:1352,0
DA:1354,0
DA:1355,0
DA:1360,0
DA:1361,0
DA:1362,0
DA:1364,0
DA:1365,0
DA:1366,0
DA:1367,0
DA:1368,0
DA:1370,0
DA:1371,0
DA:1372,0
DA:1373,0
DA:1375,0
DA:1379,0
DA:1380,0
DA:1381,0
DA:1383,0
DA:1384,0
DA:1385,0
DA:1386,0
DA:1387,0
DA:1388,0
DA:1389,0
DA:1395,0
DA:1396,0
DA:1398,0
DA:1400,0
DA:1401,0
DA:1418,0
DA:1422,0
DA:1423,0
DA:1424,0
DA:1428,0
DA:1429,0
DA:1430,0
DA:1433,0
DA:1434,0
DA:1437,0
DA:1438,0
DA:1443,0
DA:1445,0
DA:1446,0
DA:1449,0
DA:1450,0
DA:1451,0
DA:1452,0
DA:1455,0
DA:1458,0
DA:1459,0
DA:1469,0
DA:1470,0
DA:1471,0
DA:1472,0
DA:1474,0
DA:1480,0
DA:1481,0
DA:1483,0
DA:1484,0
DA:1490,0
DA:1493,0
DA:1512,0
DA:1513,0
DA:1514,0
DA:1515,0
DA:1516,0
DA:1517,0
DA:1519,0
DA:1525,0
DA:1526,0
DA:1527,0
DA:1528,0
DA:1530,0
DA:1536,0
DA:1537,0
DA:1539,0
DA:1540,0
DA:1546,0
DA:1549,0
DA:1562,0
DA:1563,0
DA:1564,0
DA:1565,0
DA:1567,0
DA:1573,0
DA:1574,0
DA:1576,0
DA:1577,0
DA:1583,0
DA:1586,0
DA:1598,0
DA:1599,0
DA:1600,0
DA:1601,0
DA:1605,0
DA:1606,0
DA:1607,0
DA:1608,0
DA:1609,0
DA:1610,0
DA:1612,0
DA:1613,0
DA:1614,0
DA:1617,0
DA:1618,0
DA:1623,0
DA:1624,0
DA:1625,0
DA:1626,0
DA:1627,0
DA:1630,0
DA:1634,0
DA:1641,0
DA:1645,0
DA:1646,0
DA:1647,0
DA:1649,0
DA:1650,0
DA:1652,0
DA:1654,0
DA:1659,0
DA:1660,0
DA:1661,0
DA:1663,0
DA:1666,0
DA:1667,0
DA:1668,0
DA:1669,0
DA:1673,0
DA:1674,0
DA:1675,0
DA:1676,0
DA:1679,0
DA:1680,0
DA:1681,0
DA:1682,0
DA:1686,0
DA:1687,0
DA:1688,0
DA:1689,0
DA:1692,0
DA:1694,0
DA:1705,0
DA:1710,0
DA:1711,0
DA:1713,0
DA:1714,0
DA:1715,0
DA:1717,0
DA:1721,0
DA:1722,0
DA:1723,0
DA:1726,0
DA:1727,0
DA:1728,0
DA:1731,0
DA:1732,0
DA:1733,0
DA:1734,0
DA:1735,0
DA:1739,0
DA:1742,0
DA:1744,0
DA:1750,0
DA:1751,0
DA:1753,0
DA:1755,0
DA:1756,0
DA:1757,0
DA:1763,0
DA:1767,0
DA:1768,0
DA:1770,0
DA:1771,0
DA:1772,0
DA:1774,0
DA:1775,0
DA:1776,0
DA:1777,0
DA:1778,0
DA:1782,0
DA:1783,0
DA:1787,0
DA:1788,0
DA:1789,0
DA:1794,0
DA:1795,0
LF:685
LH:0
BRDA:23,0,0,0
BRDA:23,0,1,0
BRDA:23,0,2,0
BRDA:23,0,3,0
BRDA:25,1,0,0
BRDA:25,1,1,0
BRDA:28,2,0,0
BRDA:28,2,1,0
BRDA:31,3,0,0
BRDA:31,3,1,0
BRDA:34,4,0,0
BRDA:34,4,1,0
BRDA:64,5,0,0
BRDA:64,5,1,0
BRDA:65,6,0,0
BRDA:65,6,1,0
BRDA:66,7,0,0
BRDA:66,7,1,0
BRDA:95,8,0,0
BRDA:95,8,1,0
BRDA:119,9,0,0
BRDA:119,9,1,0
BRDA:142,10,0,0
BRDA:142,10,1,0
BRDA:151,11,0,0
BRDA:151,11,1,0
BRDA:174,12,0,0
BRDA:174,12,1,0
BRDA:198,13,0,0
BRDA:198,13,1,0
BRDA:209,14,0,0
BRDA:209,14,1,0
BRDA:216,15,0,0
BRDA:216,15,1,0
BRDA:239,16,0,0
BRDA:239,16,1,0
BRDA:258,17,0,0
BRDA:258,17,1,0
BRDA:283,18,0,0
BRDA:283,18,1,0
BRDA:297,19,0,0
BRDA:297,19,1,0
BRDA:297,20,0,0
BRDA:297,20,1,0
BRDA:303,21,0,0
BRDA:303,21,1,0
BRDA:303,22,0,0
BRDA:303,22,1,0
BRDA:309,23,0,0
BRDA:309,23,1,0
BRDA:322,24,0,0
BRDA:322,24,1,0
BRDA:333,25,0,0
BRDA:333,25,1,0
BRDA:340,26,0,0
BRDA:340,26,1,0
BRDA:340,27,0,0
BRDA:340,27,1,0
BRDA:349,28,0,0
BRDA:349,28,1,0
BRDA:354,29,0,0
BRDA:354,29,1,0
BRDA:365,30,0,0
BRDA:365,30,1,0
BRDA:365,31,0,0
BRDA:365,31,1,0
BRDA:375,32,0,0
BRDA:375,32,1,0
BRDA:381,33,0,0
BRDA:381,33,1,0
BRDA:386,34,0,0
BRDA:386,34,1,0
BRDA:404,35,0,0
BRDA:404,35,1,0
BRDA:435,36,0,0
BRDA:435,36,1,0
BRDA:470,37,0,0
BRDA:470,37,1,0
BRDA:505,38,0,0
BRDA:505,38,1,0
BRDA:514,39,0,0
BRDA:514,39,1,0
BRDA:515,40,0,0
BRDA:515,40,1,0
BRDA:543,41,0,0
BRDA:543,41,1,0
BRDA:600,42,0,0
BRDA:600,42,1,0
BRDA:600,43,0,0
BRDA:600,43,1,0
BRDA:609,44,0,0
BRDA:609,44,1,0
BRDA:616,45,0,0
BRDA:616,45,1,0
BRDA:616,46,0,0
BRDA:616,46,1,0
BRDA:623,47,0,0
BRDA:623,47,1,0
BRDA:633,48,0,0
BRDA:633,48,1,0
BRDA:649,49,0,0
BRDA:649,49,1,0
BRDA:660,50,0,0
BRDA:660,50,1,0
BRDA:671,51,0,0
BRDA:671,51,1,0
BRDA:671,52,0,0
BRDA:671,52,1,0
BRDA:675,53,0,0
BRDA:675,53,1,0
BRDA:680,54,0,0
BRDA:680,54,1,0
BRDA:681,55,0,0
BRDA:681,55,1,0
BRDA:683,56,0,0
BRDA:683,56,1,0
BRDA:684,57,0,0
BRDA:684,57,1,0
BRDA:706,58,0,0
BRDA:706,58,1,0
BRDA:706,59,0,0
BRDA:706,59,1,0
BRDA:715,60,0,0
BRDA:715,60,1,0
BRDA:717,61,0,0
BRDA:717,61,1,0
BRDA:724,62,0,0
BRDA:724,62,1,0
BRDA:725,63,0,0
BRDA:725,63,1,0
BRDA:729,64,0,0
BRDA:729,64,1,0
BRDA:746,65,0,0
BRDA:746,65,1,0
BRDA:759,66,0,0
BRDA:759,66,1,0
BRDA:779,67,0,0
BRDA:779,67,1,0
BRDA:780,68,0,0
BRDA:780,68,1,0
BRDA:822,69,0,0
BRDA:822,69,1,0
BRDA:880,70,0,0
BRDA:880,70,1,0
BRDA:891,71,0,0
BRDA:891,71,1,0
BRDA:891,72,0,0
BRDA:891,72,1,0
BRDA:903,73,0,0
BRDA:903,73,1,0
BRDA:948,74,0,0
BRDA:948,74,1,0
BRDA:950,75,0,0
BRDA:950,75,1,0
BRDA:964,76,0,0
BRDA:964,76,1,0
BRDA:998,77,0,0
BRDA:998,77,1,0
BRDA:1028,78,0,0
BRDA:1028,78,1,0
BRDA:1048,79,0,0
BRDA:1048,79,1,0
BRDA:1060,80,0,0
BRDA:1060,80,1,0
BRDA:1074,81,0,0
BRDA:1074,81,1,0
BRDA:1105,82,0,0
BRDA:1105,82,1,0
BRDA:1121,83,0,0
BRDA:1121,83,1,0
BRDA:1122,84,0,0
BRDA:1122,84,1,0
BRDA:1142,85,0,0
BRDA:1142,85,1,0
BRDA:1142,86,0,0
BRDA:1142,86,1,0
BRDA:1142,86,2,0
BRDA:1142,86,3,0
BRDA:1142,86,4,0
BRDA:1147,87,0,0
BRDA:1147,87,1,0
BRDA:1147,88,0,0
BRDA:1147,88,1,0
BRDA:1152,89,0,0
BRDA:1152,89,1,0
BRDA:1155,90,0,0
BRDA:1155,90,1,0
BRDA:1168,91,0,0
BRDA:1168,91,1,0
BRDA:1177,92,0,0
BRDA:1177,92,1,0
BRDA:1196,93,0,0
BRDA:1196,93,1,0
BRDA:1197,94,0,0
BRDA:1197,94,1,0
BRDA:1208,95,0,0
BRDA:1208,95,1,0
BRDA:1214,96,0,0
BRDA:1214,96,1,0
BRDA:1225,97,0,0
BRDA:1225,97,1,0
BRDA:1229,98,0,0
BRDA:1229,98,1,0
BRDA:1257,99,0,0
BRDA:1257,99,1,0
BRDA:1268,100,0,0
BRDA:1268,100,1,0
BRDA:1287,101,0,0
BRDA:1287,101,1,0
BRDA:1310,102,0,0
BRDA:1310,102,1,0
BRDA:1311,103,0,0
BRDA:1311,103,1,0
BRDA:1325,104,0,0
BRDA:1325,104,1,0
BRDA:1325,105,0,0
BRDA:1325,105,1,0
BRDA:1325,105,2,0
BRDA:1325,105,3,0
BRDA:1331,106,0,0
BRDA:1331,106,1,0
BRDA:1337,107,0,0
BRDA:1337,107,1,0
BRDA:1346,108,0,0
BRDA:1346,108,1,0
BRDA:1362,109,0,0
BRDA:1362,109,1,0
BRDA:1372,110,0,0
BRDA:1372,110,1,0
BRDA:1373,111,0,0
BRDA:1373,111,1,0
BRDA:1381,112,0,0
BRDA:1381,112,1,0
BRDA:1384,113,0,0
BRDA:1384,113,1,0
BRDA:1396,114,0,0
BRDA:1396,114,1,0
BRDA:1424,115,0,0
BRDA:1424,115,1,0
BRDA:1430,116,0,0
BRDA:1430,116,1,0
BRDA:1433,117,0,0
BRDA:1433,117,1,0
BRDA:1445,118,0,0
BRDA:1445,118,1,0
BRDA:1450,119,0,0
BRDA:1450,119,1,0
BRDA:1455,120,0,0
BRDA:1455,120,1,0
BRDA:1481,121,0,0
BRDA:1481,121,1,0
BRDA:1483,122,0,0
BRDA:1483,122,1,0
BRDA:1494,123,0,0
BRDA:1494,123,1,0
BRDA:1496,124,0,0
BRDA:1496,124,1,0
BRDA:1496,125,0,0
BRDA:1496,125,1,0
BRDA:1502,126,0,0
BRDA:1502,126,1,0
BRDA:1504,127,0,0
BRDA:1504,127,1,0
BRDA:1505,128,0,0
BRDA:1505,128,1,0
BRDA:1513,129,0,0
BRDA:1513,129,1,0
BRDA:1537,130,0,0
BRDA:1537,130,1,0
BRDA:1539,131,0,0
BRDA:1539,131,1,0
BRDA:1554,132,0,0
BRDA:1554,132,1,0
BRDA:1574,133,0,0
BRDA:1574,133,1,0
BRDA:1576,134,0,0
BRDA:1576,134,1,0
BRDA:1588,135,0,0
BRDA:1588,135,1,0
BRDA:1612,136,0,0
BRDA:1612,136,1,0
BRDA:1624,137,0,0
BRDA:1624,137,1,0
BRDA:1646,138,0,0
BRDA:1646,138,1,0
BRDA:1646,139,0,0
BRDA:1646,139,1,0
BRDA:1663,140,0,0
BRDA:1663,140,1,0
BRDA:1666,141,0,0
BRDA:1666,141,1,0
BRDA:1674,142,0,0
BRDA:1674,142,1,0
BRDA:1675,143,0,0
BRDA:1675,143,1,0
BRDA:1675,143,2,0
BRDA:1676,144,0,0
BRDA:1676,144,1,0
BRDA:1679,145,0,0
BRDA:1679,145,1,0
BRDA:1687,146,0,0
BRDA:1687,146,1,0
BRDA:1688,147,0,0
BRDA:1688,147,1,0
BRDA:1688,147,2,0
BRDA:1711,148,0,0
BRDA:1711,148,1,0
BRDA:1726,149,0,0
BRDA:1726,149,1,0
BRDA:1727,150,0,0
BRDA:1727,150,1,0
BRDA:1728,151,0,0
BRDA:1728,151,1,0
BRDA:1731,152,0,0
BRDA:1731,152,1,0
BRDA:1732,153,0,0
BRDA:1732,153,1,0
BRDA:1739,154,0,0
BRDA:1739,154,1,0
BRDA:1751,155,0,0
BRDA:1751,155,1,0
BRDA:1760,156,0,0
BRDA:1760,156,1,0
BRDA:1770,157,0,0
BRDA:1770,157,1,0
BRDA:1771,158,0,0
BRDA:1771,158,1,0
BRDA:1772,159,0,0
BRDA:1772,159,1,0
BRDA:1774,160,0,0
BRDA:1774,160,1,0
BRDA:1775,161,0,0
BRDA:1775,161,1,0
BRDA:1783,162,0,0
BRDA:1783,162,1,0
BRDA:1788,163,0,0
BRDA:1788,163,1,0
BRF:337
BRH:0
end_of_record
TN:
SF:register.js
FN:3,(anonymous_0)
FN:17,initRegistration
FN:23,initForm
FN:35,(anonymous_3)
FN:36,(anonymous_4)
FN:37,(anonymous_5)
FN:40,(anonymous_6)
FN:97,validateName
FN:112,validateEmail
FN:128,validateBirthday
FN:154,updateCardPreview
FN:161,initNavigation
FN:168,(anonymous_12)
FN:170,(anonymous_13)
FN:174,(anonymous_14)
FN:178,(anonymous_15)
FN:182,(anonymous_16)
FN:188,goToStep
FN:189,(anonymous_18)
FN:198,updateProgress
FN:207,addToAppleWallet
FN:211,(anonymous_21)
FN:219,(anonymous_22)
FN:225,addToGoogleWallet
FN:230,(anonymous_24)
FN:235,showSuccessScreen
FN:236,(anonymous_26)
FN:245,createConfetti
FNF:28
FNH:0
FNDA:0,(anonymous_0)
FNDA:0,initRegistration
FNDA:0,initForm
FNDA:0,(anonymous_3)
FNDA:0,(anonymous_4)
FNDA:0,(anonymous_5)
FNDA:0,(anonymous_6)
FNDA:0,validateName
FNDA:0,validateEmail
FNDA:0,validateBirthday
FNDA:0,updateCardPreview
FNDA:0,initNavigation
FNDA:0,(anonymous_12)
FNDA:0,(anonymous_13)
FNDA:0,(anonymous_14)
FNDA:0,(anonymous_15)
FNDA:0,(anonymous_16)
FNDA:0,goToStep
FNDA:0,(anonymous_18)
FNDA:0,updateProgress
FNDA:0,addToAppleWallet
FNDA:0,(anonymous_21)
FNDA:0,(anonymous_22)
FNDA:0,addToGoogleWallet
FNDA:0,(anonymous_24)
FNDA:0,showSuccessScreen
FNDA:0,(anonymous_26)
FNDA:0,createConfetti
DA:3,0
DA:4,0
DA:8,0
DA:9,0
DA:18,0
DA:19,0
DA:24,0
DA:25,0
DA:26,0
DA:27,0
DA:30,0
DA:31,0
DA:32,0
DA:35,0
DA:36,0
DA:37,0
DA:40,0
DA:41,0
DA:43,0
DA:44,0
DA:45,0
DA:47,0
DA:49,0
DA:50,0
DA:51,0
DA:52,0
DA:54,0
DA:56,0
DA:67,0
DA:69,0
DA:71,0
DA:72,0
DA:73,0
DA:74,0
DA:75,0
DA:78,0
DA:81,0
DA:83,0
DA:84,0
DA:85,0
DA:88,0
DA:89,0
DA:90,0
DA:91,0
DA:98,0
DA:99,0
DA:101,0
DA:102,0
DA:103,0
DA:104,0
DA:107,0
DA:108,0
DA:109,0
DA:113,0
DA:114,0
DA:115,0
DA:117,0
DA:118,0
DA:119,0
DA:120,0
DA:123,0
DA:124,0
DA:125,0
DA:129,0
DA:130,0
DA:132,0
DA:133,0
DA:134,0
DA:135,0
DA:138,0
DA:139,0
DA:140,0
DA:142,0
DA:143,0
DA:144,0
DA:145,0
DA:148,0
DA:149,0
DA:150,0
DA:155,0
DA:156,0
DA:157,0
DA:162,0
DA:163,0
DA:164,0
DA:165,0
DA:166,0
DA:168,0
DA:170,0
DA:171,0
DA:174,0
DA:175,0
DA:178,0
DA:179,0
DA:182,0
DA:183,0
DA:184,0
DA:189,0
DA:190,0
DA:191,0
DA:192,0
DA:193,0
DA:195,0
DA:199,0
DA:200,0
DA:201,0
DA:202,0
DA:203,0
DA:209,0
DA:210,0
DA:211,0
DA:212,0
DA:215,0
DA:216,0
DA:217,0
DA:219,0
DA:220,0
DA:226,0
DA:227,0
DA:228,0
DA:230,0
DA:231,0
DA:236,0
DA:237,0
DA:238,0
DA:239,0
DA:240,0
DA:241,0
DA:246,0
DA:247,0
DA:249,0
DA:250,0
DA:251,0
DA:263,0
DA:266,0
DA:267,0
DA:268,0
DA:269,0
DA:284,0
LF:139
LH:0
BRDA:47,0,0,0
BRDA:47,0,1,0
BRDA:47,1,0,0
BRDA:47,1,1,0
BRDA:47,1,2,0
BRDA:69,2,0,0
BRDA:69,2,1,0
BRDA:83,3,0,0
BRDA:83,3,1,0
BRDA:101,4,0,0
BRDA:101,4,1,0
BRDA:103,5,0,0
BRDA:103,5,1,0
BRDA:117,6,0,0
BRDA:117,6,1,0
BRDA:119,7,0,0
BRDA:119,7,1,0
BRDA:132,8,0,0
BRDA:132,8,1,0
BRDA:142,9,0,0
BRDA:142,9,1,0
BRDA:191,10,0,0
BRDA:191,10,1,0
BRDA:209,11,0,0
BRDA:209,11,1,0
BRDA:235,12,0,0
BRDA:258,13,0,0
BRDA:258,13,1,0
BRDA:266,14,0,0
BRDA:266,14,1,0
BRF:30
BRH:0
end_of_record
TN:
SF:server.js
FN:34,generateMemberId
FN:39,(anonymous_1)
FN:64,(anonymous_2)
FN:75,(anonymous_3)
FN:90,(anonymous_4)
FN:140,(anonymous_5)
FN:181,(anonymous_6)
FN:188,(anonymous_7)
FN:208,(anonymous_8)
FN:227,(anonymous_9)
FN:248,(anonymous_10)
FN:276,(anonymous_11)
FN:314,(anonymous_12)
FN:325,(anonymous_13)
FN:342,(anonymous_14)
FN:362,(anonymous_15)
FN:380,(anonymous_16)
FN:396,(anonymous_17)
FN:446,(anonymous_18)
FN:467,(anonymous_19)
FN:477,(anonymous_20)
FN:491,(anonymous_21)
FN:506,(anonymous_22)
FN:523,(anonymous_23)
FN:533,(anonymous_24)
FN:547,(anonymous_25)
FN:562,(anonymous_26)
FN:579,(anonymous_27)
FNF:28
FNH:0
FNDA:0,generateMemberId
FNDA:0,(anonymous_1)
FNDA:0,(anonymous_2)
FNDA:0,(anonymous_3)
FNDA:0,(anonymous_4)
FNDA:0,(anonymous_5)
FNDA:0,(anonymous_6)
FNDA:0,(anonymous_7)
FNDA:0,(anonymous_8)
FNDA:0,(anonymous_9)
FNDA:0,(anonymous_10)
FNDA:0,(anonymous_11)
FNDA:0,(anonymous_12)
FNDA:0,(anonymous_13)
FNDA:0,(anonymous_14)
FNDA:0,(anonymous_15)
FNDA:0,(anonymous_16)
FNDA:0,(anonymous_17)
FNDA:0,(anonymous_18)
FNDA:0,(anonymous_19)
FNDA:0,(anonymous_20)
FNDA:0,(anonymous_21)
FNDA:0,(anonymous_22)
FNDA:0,(anonymous_23)
FNDA:0,(anonymous_24)
FNDA:0,(anonymous_25)
FNDA:0,(anonymous_26)
FNDA:0,(anonymous_27)
DA:1,0
DA:2,0
DA:3,0
DA:4,0
DA:5,0
DA:7,0
DA:8,0
DA:9,0
DA:10,0
DA:13,0
DA:22,0
DA:23,0
DA:24,0
DA:27,0
DA:30,0
DA:31,0
DA:35,0
DA:39,0
DA:40,0
DA:41,0
DA:42,0
DA:44,0
DA:51,0
DA:52,0
DA:54,0
DA:55,0
DA:56,0
DA:58,0
DA:64,0
DA:65,0
DA:66,0
DA:67,0
DA:69,0
DA:70,0
DA:75,0
DA:76,0
DA:77,0
DA:78,0
DA:79,0
DA:81,0
DA:84,0
DA:85,0
DA:90,0
DA:91,0
DA:92,0
DA:95,0
DA:96,0
DA:97,0
DA:100,0
DA:101,0
DA:102,0
DA:105,0
DA:106,0
DA:107,0
DA:108,0
DA:111,0
DA:117,0
DA:124,0
DA:125,0
DA:126,0
DA:128,0
DA:132,0
DA:134,0
DA:135,0
DA:140,0
DA:141,0
DA:142,0
DA:144,0
DA:145,0
DA:146,0
DA:149,0
DA:150,0
DA:154,0
DA:159,0
DA:166,0
DA:167,0
DA:168,0
DA:170,0
DA:173,0
DA:175,0
DA:176,0
DA:180,0
DA:181,0
DA:182,0
DA:183,0
DA:184,0
DA:188,0
DA:189,0
DA:190,0
DA:191,0
DA:192,0
DA:193,0
DA:195,0
DA:202,0
DA:203,0
DA:208,0
DA:209,0
DA:210,0
DA:211,0
DA:212,0
DA:215,0
DA:219,0
DA:221,0
DA:222,0
DA:227,0
DA:228,0
DA:229,0
DA:230,0
DA:238,0
DA:240,0
DA:241,0
DA:245,0
DA:248,0
DA:249,0
DA:250,0
DA:253,0
DA:254,0
DA:255,0
DA:258,0
DA:261,0
DA:264,0
DA:266,0
DA:267,0
DA:269,0
DA:270,0
DA:276,0
DA:277,0
DA:278,0
DA:281,0
DA:283,0
DA:284,0
DA:287,0
DA:290,0
DA:293,0
DA:297,0
DA:299,0
DA:301,0
DA:302,0
DA:306,0
DA:307,0
DA:314,0
DA:315,0
DA:316,0
DA:317,0
DA:319,0
DA:320,0
DA:325,0
DA:326,0
DA:327,0
DA:328,0
DA:333,0
DA:334,0
DA:336,0
DA:337,0
DA:342,0
DA:343,0
DA:344,0
DA:345,0
DA:346,0
DA:351,0
DA:352,0
DA:354,0
DA:356,0
DA:357,0
DA:362,0
DA:363,0
DA:364,0
DA:365,0
DA:366,0
DA:368,0
DA:369,0
DA:373,0
DA:380,0
DA:381,0
DA:382,0
DA:388,0
DA:390,0
DA:391,0
DA:396,0
DA:397,0
DA:398,0
DA:401,0
DA:405,0
DA:408,0
DA:410,0
DA:420,0
DA:421,0
DA:422,0
DA:423,0
DA:424,0
DA:426,0
DA:432,0
DA:434,0
DA:435,0
DA:439,0
DA:446,0
DA:447,0
DA:448,0
DA:454,0
DA:456,0
DA:457,0
DA:461,0
DA:467,0
DA:468,0
DA:469,0
DA:470,0
DA:472,0
DA:473,0
DA:477,0
DA:478,0
DA:479,0
DA:480,0
DA:484,0
DA:486,0
DA:487,0
DA:491,0
DA:492,0
DA:493,0
DA:494,0
DA:495,0
DA:499,0
DA:501,0
DA:502,0
DA:506,0
DA:507,0
DA:508,0
DA:509,0
DA:510,0
DA:512,0
DA:513,0
DA:517,0
DA:523,0
DA:524,0
DA:525,0
DA:526,0
DA:528,0
DA:529,0
DA:533,0
DA:534,0
DA:535,0
DA:536,0
DA:540,0
DA:542,0
DA:543,0
DA:547,0
DA:548,0
DA:549,0
DA:550,0
DA:551,0
DA:555,0
DA:557,0
DA:558,0
DA:562,0
DA:563,0
DA:564,0
DA:565,0
DA:566,0
DA:568,0
DA:569,0
DA:573,0
DA:579,0
DA:580,0
DA:581,0
DA:582,0
DA:584,0
DA:585,0
DA:586,0
DA:587,0
DA:589,0
DA:590,0
DA:592,0
DA:593,0
DA:595,0
DA:596,0
DA:597,0
DA:600,0
DA:602,0
DA:603,0
DA:607,0
LF:279
LH:0
BRDA:14,0,0,0
BRDA:14,0,1,0
BRDA:15,1,0,0
BRDA:15,1,1,0
BRDA:16,2,0,0
BRDA:16,2,1,0
BRDA:17,3,0,0
BRDA:17,3,1,0
BRDA:18,4,0,0
BRDA:18,4,1,0
BRDA:48,5,0,0
BRDA:48,5,1,0
BRDA:48,6,0,0
BRDA:48,6,1,0
BRDA:48,7,0,0
BRDA:48,7,1,0
BRDA:55,8,0,0
BRDA:55,8,1,0
BRDA:78,9,0,0
BRDA:78,9,1,0
BRDA:96,10,0,0
BRDA:96,10,1,0
BRDA:105,11,0,0
BRDA:105,11,1,0
BRDA:145,12,0,0
BRDA:145,12,1,0
BRDA:149,13,0,0
BRDA:149,13,1,0
BRDA:180,14,0,0
BRDA:180,14,1,0
BRDA:197,15,0,0
BRDA:197,15,1,0
BRDA:198,16,0,0
BRDA:198,16,1,0
BRDA:211,17,0,0
BRDA:211,17,1,0
BRDA:254,18,0,0
BRDA:254,18,1,0
BRDA:283,19,0,0
BRDA:283,19,1,0
BRDA:331,20,0,0
BRDA:331,20,1,0
BRDA:331,21,0,0
BRDA:331,21,1,0
BRDA:331,22,0,0
BRDA:331,22,1,0
BRDA:351,23,0,0
BRDA:351,23,1,0
BRDA:403,24,0,0
BRDA:403,24,1,0
BRDA:408,25,0,0
BRDA:408,25,1,0
BRDA:420,26,0,0
BRDA:420,26,1,0
BRDA:538,27,0,0
BRDA:538,27,1,0
BRDA:538,28,0,0
BRDA:538,28,1,0
BRDA:553,29,0,0
BRDA:553,29,1,0
BRDA:584,30,0,0
BRDA:584,30,1,0
BRDA:592,31,0,0
BRDA:592,31,1,0
BRDA:596,32,0,0
BRDA:596,32,1,0
BRF:66
BRH:0
end_of_record
TN:
SF:wallet-pass.js
FN:10,generateAuthToken
FN:14,generatePass
FNF:2
FNH:0
FNDA:0,generateAuthToken
FNDA:0,generatePass
DA:2,0
DA:3,0
DA:4,0
DA:5,0
DA:7,0
DA:11,0
DA:15,0
DA:17,0
DA:18,0
DA:19,0
DA:20,0
DA:22,0
DA:25,0
DA:28,0
DA:42,0
DA:48,0
DA:54,0
DA:60,0
DA:67,0
DA:68,0
DA:76,0
DA:82,0
DA:89,0
DA:95,0
DA:98,0
DA:99,0
DA:101,0
DA:102,0
DA:106,0
DA:107,0
LF:30
LH:0
BRDA:17,0,0,0
BRDA:17,0,1,0
BRDA:18,1,0,0
BRDA:18,1,1,0
BRDA:19,2,0,0
BRDA:19,2,1,0
BRDA:19,2,2,0
BRDA:20,3,0,0
BRDA:20,3,1,0
BRDA:20,3,2,0
BRDA:67,4,0,0
BRDA:67,4,1,0
BRDA:67,5,0,0
BRDA:67,5,1,0
BRF:14
BRH:0
end_of_record
TN:
SF:wallet-service.js
FN:11,initWalletService
FN:20,verifyAuthToken
FN:32,(anonymous_2)
FN:59,(anonymous_3)
FN:81,(anonymous_4)
FN:109,(anonymous_5)
FN:110,(anonymous_6)
FN:125,(anonymous_7)
FN:162,(anonymous_8)
FN:166,(anonymous_9)
FN:172,triggerPassUpdate
FNF:11
FNH:0
FNDA:0,initWalletService
FNDA:0,verifyAuthToken
FNDA:0,(anonymous_2)
FNDA:0,(anonymous_3)
FNDA:0,(anonymous_4)
FNDA:0,(anonymous_5)
FNDA:0,(anonymous_6)
FNDA:0,(anonymous_7)
FNDA:0,(anonymous_8)
FNDA:0,(anonymous_9)
FNDA:0,triggerPassUpdate
DA:3,0
DA:4,0
DA:12,0
DA:13,0
DA:14,0
DA:17,0
DA:21,0
DA:22,0
DA:23,0
DA:24,0
DA:26,0
DA:27,0
DA:32,0
DA:33,0
DA:34,0
DA:35,0
DA:37,0
DA:38,0
DA:41,0
DA:49,0
DA:50,0
DA:52,0
DA:53,0
DA:59,0
DA:60,0
DA:61,0
DA:63,0
DA:65,0
DA:71,0
DA:72,0
DA:74,0
DA:75,0
DA:81,0
DA:82,0
DA:83,0
DA:84,0
DA:86,0
DA:89,0
DA:95,0
DA:97,0
DA:98,0
DA:99,0
DA:100,0
DA:103,0
DA:105,0
DA:106,0
DA:109,0
DA:110,0
DA:112,0
DA:113,0
DA:118,0
DA:119,0
DA:125,0
DA:126,0
DA:127,0
DA:129,0
DA:132,0
DA:134,0
DA:135,0
DA:136,0
DA:139,0
DA:142,0
DA:145,0
DA:147,0
DA:151,0
DA:153,0
DA:155,0
DA:156,0
DA:162,0
DA:163,0
DA:164,0
DA:165,0
DA:166,0
DA:168,0
DA:173,0
DA:175,0
DA:180,0
DA:181,0
DA:182,0
DA:186,0
DA:187,0
DA:188,0
DA:189,0
DA:190,0
DA:192,0
DA:196,0
DA:197,0
DA:199,0
DA:200,0
DA:204,0
DA:211,0
LF:91
LH:0
BRDA:22,0,0,0
BRDA:22,0,1,0
BRDA:22,1,0,0
BRDA:22,1,1,0
BRDA:97,2,0,0
BRDA:97,2,1,0
BRDA:105,3,0,0
BRDA:105,3,1,0
BRDA:134,4,0,0
BRDA:134,4,1,0
BRDA:164,5,0,0
BRDA:164,5,1,0
BRDA:164,6,0,0
BRDA:164,6,1,0
BRDA:180,7,0,0
BRDA:180,7,1,0
BRF:16
BRH:0
end_of_record
