TN:
SF:apns-push.js
FN:19,sendPassUpdate
FN:20,(anonymous_1)
FN:33,(anonymous_2)
FN:49,(anonymous_3)
FN:55,(anonymous_4)
FN:59,(anonymous_5)
FN:63,(anonymous_6)
FNF:7
FNH:0
FNDA:0,sendPassUpdate
FNDA:0,(anonymous_1)
FNDA:0,(anonymous_2)
FNDA:0,(anonymous_3)
FNDA:0,(anonymous_4)
FNDA:0,(anonymous_5)
FNDA:0,(anonymous_6)
DA:1,0
DA:2,0
DA:3,0
DA:5,0
DA:6,0
DA:8,0
DA:11,0
DA:12,0
DA:13,0
DA:14,0
DA:16,0
DA:20,0
DA:21,0
DA:22,0
DA:25,0
DA:27,0
DA:33,0
DA:34,0
DA:35,0
DA:38,0
DA:47,0
DA:49,0
DA:50,0
DA:51,0
DA:52,0
DA:55,0
DA:59,0
DA:60,0
DA:63,0
DA:64,0
DA:65,0
DA:66,0
DA:69,0
DA:70,0
DA:74,0
LF:35
LH:0
BRDA:21,0,0,0
BRDA:21,0,1,0
BRDA:21,1,0,0
BRDA:21,1,1,0
BRF:4
BRH:0
end_of_record
TN:
SF:app.js
FN:4,checkAuth
FN:24,getPageFromURL
FN:39,(anonymous_2)
FN:54,showPage
FN:58,(anonymous_4)
FN:65,(anonymous_5)
FN:87,(anonymous_6)
FN:94,loadStatsAndInitCounters
FN:100,(anonymous_8)
FN:136,loadMembersFromAPI
FN:140,(anonymous_10)
FN:162,initNavigation
FN:165,(anonymous_12)
FN:166,(anonymous_13)
FN:175,initSidebar
FN:179,(anonymous_15)
FN:185,initCounters
FN:188,(anonymous_17)
FN:189,(anonymous_18)
FN:197,(anonymous_19)
FN:200,animateCounter
FN:205,(anonymous_21)
FN:220,initMembersTable
FN:224,(anonymous_23)
FN:225,(anonymous_24)
FN:265,(anonymous_25)
FN:267,(anonymous_26)
FN:277,renderStampsSmall
FN:285,renderTopMembers
FN:289,(anonymous_29)
FN:291,(anonymous_30)
FN:292,(anonymous_31)
FN:308,(anonymous_32)
FN:309,(anonymous_33)
FN:312,(anonymous_34)
FN:365,renderStampsLarge
FN:373,renderRewardHistory
FN:378,(anonymous_37)
FN:394,(anonymous_38)
FN:395,(anonymous_39)
FN:399,(anonymous_40)
FN:476,(anonymous_41)
FN:477,(anonymous_42)
FN:480,(anonymous_43)
FN:518,initCharts
FN:524,initStampsChart
FN:555,initRewardsChart
FN:590,initGrowthChart
FN:621,initModals
FN:626,(anonymous_49)
FN:631,openModal
FN:641,(anonymous_51)
FN:645,(anonymous_52)
FN:663,showToast
FN:679,(anonymous_54)
FN:682,(anonymous_55)
FN:691,(anonymous_56)
FN:698,initCampaignTabs
FN:702,(anonymous_58)
FN:703,(anonymous_59)
FN:706,(anonymous_60)
FN:707,(anonymous_61)
FN:716,populateMemberSelects
FN:730,(anonymous_63)
FN:743,(anonymous_64)
FN:752,(anonymous_65)
FN:767,(anonymous_66)
FN:778,(anonymous_67)
FN:790,(anonymous_68)
FN:801,(anonymous_69)
FN:824,(anonymous_70)
FN:891,(anonymous_71)
FN:908,(anonymous_72)
FN:942,(anonymous_73)
FN:943,(anonymous_74)
FN:983,(anonymous_75)
FN:1008,(anonymous_76)
FN:1009,(anonymous_77)
FN:1056,(anonymous_78)
FN:1060,checkBirthdays
FN:1066,(anonymous_80)
FN:1071,(anonymous_81)
FN:1091,showBirthdayNotification
FN:1092,(anonymous_83)
FN:1100,(anonymous_84)
FN:1102,(anonymous_85)
FN:1151,saveUsers
FN:1156,(anonymous_87)
FN:1165,(anonymous_88)
FN:1179,updateUsersList
FN:1191,(anonymous_90)
FN:1224,(anonymous_91)
FN:1225,(anonymous_92)
FN:1253,loadUsers
FN:1268,(anonymous_94)
FN:1320,(anonymous_95)
FN:1341,(anonymous_96)
FN:1342,(anonymous_97)
FN:1358,(anonymous_98)
FN:1374,(anonymous_99)
FN:1380,(anonymous_100)
FN:1386,(anonymous_101)
FN:1414,loadStores
FN:1429,(anonymous_103)
FN:1436,(anonymous_104)
FN:1450,(anonymous_105)
FN:1493,(anonymous_106)
FN:1494,(anonymous_107)
FN:1512,(anonymous_108)
FN:1513,(anonymous_109)
FN:1527,updateStoresList
FN:1533,(anonymous_111)
FN:1555,(anonymous_112)
FN:1561,(anonymous_113)
FN:1562,(anonymous_114)
FN:1600,loadCampaigns
FN:1611,renderCampaigns
FN:1625,(anonymous_117)
FN:1644,(anonymous_118)
FN:1656,loadMessages
FN:1667,renderMessages
FN:1681,(anonymous_121)
FN:1693,loadRewardHistory
FN:1704,renderGlobalRewardHistory
FN:1718,(anonymous_124)
FN:1730,(anonymous_125)
FN:1737,(anonymous_126)
FN:1776,initMemberSearchData
FN:1791,(anonymous_128)
FN:1805,(anonymous_129)
FN:1818,(anonymous_130)
FN:1821,(anonymous_131)
FN:1841,highlightMatch
FN:1853,(anonymous_133)
FN:1880,showSelectedMemberChip
FN:1885,(anonymous_135)
FN:1899,(anonymous_136)
FN:1919,(anonymous_137)
FN:1921,(anonymous_138)
FN:1926,(anonymous_139)
FN:1935,(anonymous_140)
FN:1942,(anonymous_141)
FN:1973,(anonymous_142)
FN:1993,(anonymous_143)
FN:1993,(anonymous_144)
FN:2016,(anonymous_145)
FN:2032,(anonymous_146)
FN:2083,startTransactionsAutoRefresh
FN:2089,stopTransactionsAutoRefresh
FN:2106,(anonymous_149)
FN:2126,(anonymous_150)
FN:2146,(anonymous_151)
FN:2146,(anonymous_152)
FN:2170,loadMonitoringData
FN:2189,updateMonitoringUI
FN:2270,renderActivityFeed
FN:2279,(anonymous_156)
FN:2310,getTimeAgo
FN:2320,startMonitoringAutoRefresh
FN:2326,stopMonitoringAutoRefresh
FN:2336,(anonymous_160)
FN:2354,openMonitoringModal
FN:2360,closeMonitoringModal
FN:2366,(anonymous_163)
FN:2369,(anonymous_164)
FN:2382,(anonymous_165)
FN:2387,checkMemberSession
FN:2400,updateMemberUI
FN:2414,(anonymous_168)
FN:2426,openMemberLoginModal
FN:2434,closeMemberLoginModal
FN:2440,handleMemberLogin
FN:2475,openMemberProfileModal
FN:2483,(anonymous_173)
FN:2501,closeMemberProfileModal
FN:2506,handleMemberProfileUpdate
FN:2548,handleMemberLogout
FN:2556,openSetPasswordModal
FN:2564,closeSetPasswordModal
FN:2570,handleSetPassword
FN:2612,toggleMemberPasswordVisibility
FNF:181
FNH:0
FNDA:0,checkAuth
FNDA:0,getPageFromURL
FNDA:0,(anonymous_2)
FNDA:0,showPage
FNDA:0,(anonymous_4)
FNDA:0,(anonymous_5)
FNDA:0,(anonymous_6)
FNDA:0,loadStatsAndInitCounters
FNDA:0,(anonymous_8)
FNDA:0,loadMembersFromAPI
FNDA:0,(anonymous_10)
FNDA:0,initNavigation
FNDA:0,(anonymous_12)
FNDA:0,(anonymous_13)
FNDA:0,initSidebar
FNDA:0,(anonymous_15)
FNDA:0,initCounters
FNDA:0,(anonymous_17)
FNDA:0,(anonymous_18)
FNDA:0,(anonymous_19)
FNDA:0,animateCounter
FNDA:0,(anonymous_21)
FNDA:0,initMembersTable
FNDA:0,(anonymous_23)
FNDA:0,(anonymous_24)
FNDA:0,(anonymous_25)
FNDA:0,(anonymous_26)
FNDA:0,renderStampsSmall
FNDA:0,renderTopMembers
FNDA:0,(anonymous_29)
FNDA:0,(anonymous_30)
FNDA:0,(anonymous_31)
FNDA:0,(anonymous_32)
FNDA:0,(anonymous_33)
FNDA:0,(anonymous_34)
FNDA:0,renderStampsLarge
FNDA:0,renderRewardHistory
FNDA:0,(anonymous_37)
FNDA:0,(anonymous_38)
FNDA:0,(anonymous_39)
FNDA:0,(anonymous_40)
FNDA:0,(anonymous_41)
FNDA:0,(anonymous_42)
FNDA:0,(anonymous_43)
FNDA:0,initCharts
FNDA:0,initStampsChart
FNDA:0,initRewardsChart
FNDA:0,initGrowthChart
FNDA:0,initModals
FNDA:0,(anonymous_49)
FNDA:0,openModal
FNDA:0,(anonymous_51)
FNDA:0,(anonymous_52)
FNDA:0,showToast
FNDA:0,(anonymous_54)
FNDA:0,(anonymous_55)
FNDA:0,(anonymous_56)
FNDA:0,initCampaignTabs
FNDA:0,(anonymous_58)
FNDA:0,(anonymous_59)
FNDA:0,(anonymous_60)
FNDA:0,(anonymous_61)
FNDA:0,populateMemberSelects
FNDA:0,(anonymous_63)
FNDA:0,(anonymous_64)
FNDA:0,(anonymous_65)
FNDA:0,(anonymous_66)
FNDA:0,(anonymous_67)
FNDA:0,(anonymous_68)
FNDA:0,(anonymous_69)
FNDA:0,(anonymous_70)
FNDA:0,(anonymous_71)
FNDA:0,(anonymous_72)
FNDA:0,(anonymous_73)
FNDA:0,(anonymous_74)
FNDA:0,(anonymous_75)
FNDA:0,(anonymous_76)
FNDA:0,(anonymous_77)
FNDA:0,(anonymous_78)
FNDA:0,checkBirthdays
FNDA:0,(anonymous_80)
FNDA:0,(anonymous_81)
FNDA:0,showBirthdayNotification
FNDA:0,(anonymous_83)
FNDA:0,(anonymous_84)
FNDA:0,(anonymous_85)
FNDA:0,saveUsers
FNDA:0,(anonymous_87)
FNDA:0,(anonymous_88)
FNDA:0,updateUsersList
FNDA:0,(anonymous_90)
FNDA:0,(anonymous_91)
FNDA:0,(anonymous_92)
FNDA:0,loadUsers
FNDA:0,(anonymous_94)
FNDA:0,(anonymous_95)
FNDA:0,(anonymous_96)
FNDA:0,(anonymous_97)
FNDA:0,(anonymous_98)
FNDA:0,(anonymous_99)
FNDA:0,(anonymous_100)
FNDA:0,(anonymous_101)
FNDA:0,loadStores
FNDA:0,(anonymous_103)
FNDA:0,(anonymous_104)
FNDA:0,(anonymous_105)
FNDA:0,(anonymous_106)
FNDA:0,(anonymous_107)
FNDA:0,(anonymous_108)
FNDA:0,(anonymous_109)
FNDA:0,updateStoresList
FNDA:0,(anonymous_111)
FNDA:0,(anonymous_112)
FNDA:0,(anonymous_113)
FNDA:0,(anonymous_114)
FNDA:0,loadCampaigns
FNDA:0,renderCampaigns
FNDA:0,(anonymous_117)
FNDA:0,(anonymous_118)
FNDA:0,loadMessages
FNDA:0,renderMessages
FNDA:0,(anonymous_121)
FNDA:0,loadRewardHistory
FNDA:0,renderGlobalRewardHistory
FNDA:0,(anonymous_124)
FNDA:0,(anonymous_125)
FNDA:0,(anonymous_126)
FNDA:0,initMemberSearchData
FNDA:0,(anonymous_128)
FNDA:0,(anonymous_129)
FNDA:0,(anonymous_130)
FNDA:0,(anonymous_131)
FNDA:0,highlightMatch
FNDA:0,(anonymous_133)
FNDA:0,showSelectedMemberChip
FNDA:0,(anonymous_135)
FNDA:0,(anonymous_136)
FNDA:0,(anonymous_137)
FNDA:0,(anonymous_138)
FNDA:0,(anonymous_139)
FNDA:0,(anonymous_140)
FNDA:0,(anonymous_141)
FNDA:0,(anonymous_142)
FNDA:0,(anonymous_143)
FNDA:0,(anonymous_144)
FNDA:0,(anonymous_145)
FNDA:0,(anonymous_146)
FNDA:0,startTransactionsAutoRefresh
FNDA:0,stopTransactionsAutoRefresh
FNDA:0,(anonymous_149)
FNDA:0,(anonymous_150)
FNDA:0,(anonymous_151)
FNDA:0,(anonymous_152)
FNDA:0,loadMonitoringData
FNDA:0,updateMonitoringUI
FNDA:0,renderActivityFeed
FNDA:0,(anonymous_156)
FNDA:0,getTimeAgo
FNDA:0,startMonitoringAutoRefresh
FNDA:0,stopMonitoringAutoRefresh
FNDA:0,(anonymous_160)
FNDA:0,openMonitoringModal
FNDA:0,closeMonitoringModal
FNDA:0,(anonymous_163)
FNDA:0,(anonymous_164)
FNDA:0,(anonymous_165)
FNDA:0,checkMemberSession
FNDA:0,updateMemberUI
FNDA:0,(anonymous_168)
FNDA:0,openMemberLoginModal
FNDA:0,closeMemberLoginModal
FNDA:0,handleMemberLogin
FNDA:0,openMemberProfileModal
FNDA:0,(anonymous_173)
FNDA:0,closeMemberProfileModal
FNDA:0,handleMemberProfileUpdate
FNDA:0,handleMemberLogout
FNDA:0,openSetPasswordModal
FNDA:0,closeSetPasswordModal
FNDA:0,handleSetPassword
FNDA:0,toggleMemberPasswordVisibility
DA:4,0
DA:5,0
DA:6,0
DA:7,0
DA:8,0
DA:10,0
DA:11,0
DA:12,0
DA:13,0
DA:14,0
DA:15,0
DA:18,0
DA:19,0
DA:25,0
DA:26,0
DA:29,0
DA:31,0
DA:32,0
DA:36,0
DA:39,0
DA:40,0
DA:41,0
DA:43,0
DA:44,0
DA:45,0
DA:46,0
DA:49,0
DA:50,0
DA:55,0
DA:56,0
DA:58,0
DA:59,0
DA:60,0
DA:61,0
DA:65,0
DA:66,0
DA:67,0
DA:68,0
DA:73,0
DA:74,0
DA:75,0
DA:79,0
DA:80,0
DA:82,0
DA:87,0
DA:88,0
DA:89,0
DA:95,0
DA:96,0
DA:97,0
DA:100,0
DA:101,0
DA:102,0
DA:104,0
DA:106,0
DA:107,0
DA:109,0
DA:110,0
DA:112,0
DA:113,0
DA:115,0
DA:116,0
DA:119,0
DA:122,0
DA:124,0
DA:128,0
DA:133,0
DA:137,0
DA:138,0
DA:139,0
DA:140,0
DA:151,0
DA:152,0
DA:154,0
DA:155,0
DA:163,0
DA:165,0
DA:166,0
DA:167,0
DA:168,0
DA:169,0
DA:176,0
DA:177,0
DA:179,0
DA:180,0
DA:186,0
DA:188,0
DA:189,0
DA:190,0
DA:191,0
DA:192,0
DA:197,0
DA:201,0
DA:202,0
DA:203,0
DA:205,0
DA:206,0
DA:207,0
DA:208,0
DA:209,0
DA:211,0
DA:213,0
DA:216,0
DA:221,0
DA:222,0
DA:224,0
DA:225,0
DA:226,0
DA:227,0
DA:260,0
DA:264,0
DA:265,0
DA:266,0
DA:267,0
DA:268,0
DA:269,0
DA:274,0
DA:278,0
DA:279,0
DA:280,0
DA:282,0
DA:286,0
DA:287,0
DA:289,0
DA:291,0
DA:292,0
DA:293,0
DA:294,0
DA:295,0
DA:303,0
DA:308,0
DA:309,0
DA:310,0
DA:312,0
DA:314,0
DA:366,0
DA:367,0
DA:368,0
DA:370,0
DA:374,0
DA:375,0
DA:378,0
DA:394,0
DA:395,0
DA:396,0
DA:399,0
DA:400,0
DA:401,0
DA:402,0
DA:405,0
DA:406,0
DA:407,0
DA:408,0
DA:409,0
DA:411,0
DA:415,0
DA:416,0
DA:417,0
DA:420,0
DA:424,0
DA:425,0
DA:426,0
DA:429,0
DA:430,0
DA:431,0
DA:432,0
DA:433,0
DA:437,0
DA:438,0
DA:439,0
DA:442,0
DA:447,0
DA:449,0
DA:451,0
DA:452,0
DA:453,0
DA:454,0
DA:456,0
DA:457,0
DA:459,0
DA:464,0
DA:465,0
DA:466,0
DA:467,0
DA:470,0
DA:471,0
DA:476,0
DA:477,0
DA:478,0
DA:480,0
DA:481,0
DA:482,0
DA:483,0
DA:484,0
DA:485,0
DA:490,0
DA:491,0
DA:492,0
DA:493,0
DA:495,0
DA:496,0
DA:500,0
DA:501,0
DA:502,0
DA:503,0
DA:505,0
DA:506,0
DA:507,0
DA:510,0
DA:511,0
DA:512,0
DA:519,0
DA:520,0
DA:521,0
DA:525,0
DA:526,0
DA:528,0
DA:556,0
DA:557,0
DA:559,0
DA:591,0
DA:592,0
DA:594,0
DA:622,0
DA:623,0
DA:625,0
DA:626,0
DA:627,0
DA:632,0
DA:633,0
DA:634,0
DA:636,0
DA:637,0
DA:638,0
DA:641,0
DA:642,0
DA:645,0
DA:646,0
DA:664,0
DA:665,0
DA:667,0
DA:668,0
DA:669,0
DA:670,0
DA:678,0
DA:679,0
DA:680,0
DA:681,0
DA:682,0
DA:691,0
DA:692,0
DA:693,0
DA:694,0
DA:695,0
DA:699,0
DA:700,0
DA:702,0
DA:703,0
DA:704,0
DA:706,0
DA:707,0
DA:709,0
DA:710,0
DA:717,0
DA:719,0
DA:721,0
DA:722,0
DA:723,0
DA:724,0
DA:727,0
DA:730,0
DA:731,0
DA:732,0
DA:737,0
DA:738,0
DA:739,0
DA:743,0
DA:744,0
DA:745,0
DA:748,0
DA:749,0
DA:752,0
DA:753,0
DA:754,0
DA:755,0
DA:756,0
DA:760,0
DA:762,0
DA:767,0
DA:768,0
DA:769,0
DA:771,0
DA:772,0
DA:774,0
DA:778,0
DA:779,0
DA:780,0
DA:782,0
DA:783,0
DA:785,0
DA:790,0
DA:791,0
DA:792,0
DA:793,0
DA:795,0
DA:796,0
DA:797,0
DA:801,0
DA:802,0
DA:803,0
DA:804,0
DA:805,0
DA:808,0
DA:824,0
DA:825,0
DA:826,0
DA:828,0
DA:829,0
DA:830,0
DA:833,0
DA:834,0
DA:837,0
DA:838,0
DA:839,0
DA:840,0
DA:841,0
DA:845,0
DA:846,0
DA:847,0
DA:849,0
DA:851,0
DA:853,0
DA:854,0
DA:862,0
DA:868,0
DA:869,0
DA:873,0
DA:876,0
DA:877,0
DA:878,0
DA:881,0
DA:882,0
DA:885,0
DA:886,0
DA:891,0
DA:892,0
DA:893,0
DA:895,0
DA:901,0
DA:902,0
DA:904,0
DA:908,0
DA:909,0
DA:942,0
DA:943,0
DA:944,0
DA:946,0
DA:983,0
DA:984,0
DA:985,0
DA:987,0
DA:1002,0
DA:1003,0
DA:1004,0
DA:1008,0
DA:1009,0
DA:1010,0
DA:1011,0
DA:1013,0
DA:1014,0
DA:1015,0
DA:1018,0
DA:1019,0
DA:1025,0
DA:1026,0
DA:1029,0
DA:1030,0
DA:1032,0
DA:1033,0
DA:1042,0
DA:1056,0
DA:1057,0
DA:1061,0
DA:1062,0
DA:1064,0
DA:1066,0
DA:1067,0
DA:1068,0
DA:1070,0
DA:1071,0
DA:1072,0
DA:1073,0
DA:1075,0
DA:1076,0
DA:1077,0
DA:1086,0
DA:1087,0
DA:1092,0
DA:1094,0
DA:1100,0
DA:1102,0
DA:1119,0
DA:1120,0
DA:1121,0
DA:1130,0
DA:1149,0
DA:1152,0
DA:1156,0
DA:1157,0
DA:1158,0
DA:1161,0
DA:1165,0
DA:1166,0
DA:1167,0
DA:1169,0
DA:1170,0
DA:1171,0
DA:1173,0
DA:1174,0
DA:1180,0
DA:1181,0
DA:1183,0
DA:1185,0
DA:1191,0
DA:1192,0
DA:1193,0
DA:1194,0
DA:1195,0
DA:1197,0
DA:1217,0
DA:1221,0
DA:1224,0
DA:1225,0
DA:1226,0
DA:1228,0
DA:1231,0
DA:1232,0
DA:1233,0
DA:1234,0
DA:1235,0
DA:1236,0
DA:1239,0
DA:1240,0
DA:1242,0
DA:1243,0
DA:1244,0
DA:1248,0
DA:1254,0
DA:1255,0
DA:1256,0
DA:1257,0
DA:1258,0
DA:1260,0
DA:1265,0
DA:1268,0
DA:1269,0
DA:1271,0
DA:1272,0
DA:1273,0
DA:1274,0
DA:1275,0
DA:1276,0
DA:1279,0
DA:1280,0
DA:1281,0
DA:1284,0
DA:1285,0
DA:1286,0
DA:1289,0
DA:1290,0
DA:1292,0
DA:1297,0
DA:1298,0
DA:1299,0
DA:1302,0
DA:1307,0
DA:1308,0
DA:1311,0
DA:1312,0
DA:1314,0
DA:1315,0
DA:1320,0
DA:1321,0
DA:1322,0
DA:1325,0
DA:1328,0
DA:1329,0
DA:1331,0
DA:1332,0
DA:1333,0
DA:1337,0
DA:1341,0
DA:1342,0
DA:1343,0
DA:1345,0
DA:1346,0
DA:1349,0
DA:1350,0
DA:1351,0
DA:1352,0
DA:1353,0
DA:1358,0
DA:1359,0
DA:1360,0
DA:1361,0
DA:1363,0
DA:1364,0
DA:1365,0
DA:1374,0
DA:1375,0
DA:1376,0
DA:1380,0
DA:1381,0
DA:1382,0
DA:1386,0
DA:1387,0
DA:1392,0
DA:1395,0
DA:1396,0
DA:1397,0
DA:1398,0
DA:1399,0
DA:1400,0
DA:1401,0
DA:1403,0
DA:1411,0
DA:1415,0
DA:1416,0
DA:1417,0
DA:1418,0
DA:1419,0
DA:1422,0
DA:1426,0
DA:1429,0
DA:1430,0
DA:1431,0
DA:1432,0
DA:1436,0
DA:1437,0
DA:1438,0
DA:1439,0
DA:1441,0
DA:1442,0
DA:1443,0
DA:1444,0
DA:1446,0
DA:1450,0
DA:1451,0
DA:1453,0
DA:1454,0
DA:1455,0
DA:1456,0
DA:1458,0
DA:1459,0
DA:1460,0
DA:1463,0
DA:1464,0
DA:1465,0
DA:1470,0
DA:1471,0
DA:1472,0
DA:1474,0
DA:1479,0
DA:1480,0
DA:1482,0
DA:1483,0
DA:1484,0
DA:1485,0
DA:1487,0
DA:1488,0
DA:1493,0
DA:1494,0
DA:1495,0
DA:1497,0
DA:1498,0
DA:1499,0
DA:1500,0
DA:1501,0
DA:1503,0
DA:1504,0
DA:1505,0
DA:1506,0
DA:1508,0
DA:1512,0
DA:1513,0
DA:1514,0
DA:1516,0
DA:1517,0
DA:1518,0
DA:1519,0
DA:1520,0
DA:1521,0
DA:1522,0
DA:1528,0
DA:1529,0
DA:1531,0
DA:1533,0
DA:1534,0
DA:1551,0
DA:1555,0
DA:1556,0
DA:1557,0
DA:1561,0
DA:1562,0
DA:1563,0
DA:1566,0
DA:1567,0
DA:1570,0
DA:1571,0
DA:1576,0
DA:1578,0
DA:1579,0
DA:1582,0
DA:1583,0
DA:1584,0
DA:1587,0
DA:1590,0
DA:1591,0
DA:1601,0
DA:1602,0
DA:1603,0
DA:1604,0
DA:1606,0
DA:1612,0
DA:1613,0
DA:1615,0
DA:1616,0
DA:1622,0
DA:1625,0
DA:1644,0
DA:1645,0
DA:1646,0
DA:1647,0
DA:1648,0
DA:1649,0
DA:1651,0
DA:1657,0
DA:1658,0
DA:1659,0
DA:1660,0
DA:1662,0
DA:1668,0
DA:1669,0
DA:1671,0
DA:1672,0
DA:1678,0
DA:1681,0
DA:1694,0
DA:1695,0
DA:1696,0
DA:1697,0
DA:1699,0
DA:1705,0
DA:1706,0
DA:1708,0
DA:1709,0
DA:1715,0
DA:1718,0
DA:1730,0
DA:1731,0
DA:1732,0
DA:1733,0
DA:1737,0
DA:1738,0
DA:1739,0
DA:1740,0
DA:1741,0
DA:1742,0
DA:1744,0
DA:1745,0
DA:1746,0
DA:1749,0
DA:1750,0
DA:1755,0
DA:1756,0
DA:1757,0
DA:1758,0
DA:1759,0
DA:1762,0
DA:1766,0
DA:1773,0
DA:1777,0
DA:1778,0
DA:1779,0
DA:1781,0
DA:1782,0
DA:1784,0
DA:1786,0
DA:1791,0
DA:1792,0
DA:1793,0
DA:1795,0
DA:1798,0
DA:1799,0
DA:1800,0
DA:1801,0
DA:1805,0
DA:1806,0
DA:1807,0
DA:1808,0
DA:1811,0
DA:1812,0
DA:1813,0
DA:1814,0
DA:1818,0
DA:1819,0
DA:1820,0
DA:1821,0
DA:1824,0
DA:1826,0
DA:1837,0
DA:1842,0
DA:1843,0
DA:1845,0
DA:1846,0
DA:1847,0
DA:1849,0
DA:1853,0
DA:1854,0
DA:1855,0
DA:1858,0
DA:1859,0
DA:1860,0
DA:1863,0
DA:1864,0
DA:1865,0
DA:1866,0
DA:1867,0
DA:1871,0
DA:1874,0
DA:1876,0
DA:1882,0
DA:1883,0
DA:1885,0
DA:1887,0
DA:1888,0
DA:1889,0
DA:1895,0
DA:1899,0
DA:1900,0
DA:1902,0
DA:1903,0
DA:1904,0
DA:1906,0
DA:1907,0
DA:1908,0
DA:1909,0
DA:1910,0
DA:1914,0
DA:1915,0
DA:1919,0
DA:1920,0
DA:1921,0
DA:1926,0
DA:1927,0
DA:1935,0
DA:1936,0
DA:1937,0
DA:1938,0
DA:1942,0
DA:1943,0
DA:1944,0
DA:1945,0
DA:1946,0
DA:1947,0
DA:1948,0
DA:1949,0
DA:1951,0
DA:1955,0
DA:1973,0
DA:1991,0
DA:1993,0
DA:1997,0
DA:1998,0
DA:1999,0
DA:2000,0
DA:2001,0
DA:2002,0
DA:2003,0
DA:2004,0
DA:2005,0
DA:2007,0
DA:2014,0
DA:2016,0
DA:2017,0
DA:2018,0
DA:2019,0
DA:2022,0
DA:2024,0
DA:2025,0
DA:2027,0
DA:2028,0
DA:2029,0
DA:2032,0
DA:2034,0
DA:2035,0
DA:2036,0
DA:2039,0
DA:2040,0
DA:2041,0
DA:2042,0
DA:2043,0
DA:2044,0
DA:2045,0
DA:2046,0
DA:2048,0
DA:2052,0
DA:2059,0
DA:2061,0
DA:2078,0
DA:2084,0
DA:2085,0
DA:2086,0
DA:2090,0
DA:2091,0
DA:2092,0
DA:2098,0
DA:2104,0
DA:2106,0
DA:2107,0
DA:2108,0
DA:2109,0
DA:2112,0
DA:2126,0
DA:2127,0
DA:2128,0
DA:2144,0
DA:2146,0
DA:2150,0
DA:2151,0
DA:2152,0
DA:2153,0
DA:2154,0
DA:2155,0
DA:2156,0
DA:2157,0
DA:2158,0
DA:2160,0
DA:2167,0
DA:2171,0
DA:2172,0
DA:2173,0
DA:2174,0
DA:2176,0
DA:2178,0
DA:2179,0
DA:2180,0
DA:2181,0
DA:2182,0
DA:2183,0
DA:2191,0
DA:2192,0
DA:2193,0
DA:2197,0
DA:2198,0
DA:2199,0
DA:2200,0
DA:2201,0
DA:2202,0
DA:2203,0
DA:2204,0
DA:2205,0
DA:2206,0
DA:2208,0
DA:2209,0
DA:2213,0
DA:2214,0
DA:2215,0
DA:2216,0
DA:2217,0
DA:2219,0
DA:2220,0
DA:2224,0
DA:2225,0
DA:2227,0
DA:2230,0
DA:2231,0
DA:2232,0
DA:2233,0
DA:2234,0
DA:2238,0
DA:2239,0
DA:2240,0
DA:2241,0
DA:2242,0
DA:2243,0
DA:2244,0
DA:2248,0
DA:2249,0
DA:2250,0
DA:2251,0
DA:2255,0
DA:2256,0
DA:2257,0
DA:2258,0
DA:2259,0
DA:2260,0
DA:2264,0
DA:2265,0
DA:2271,0
DA:2272,0
DA:2274,0
DA:2275,0
DA:2276,0
DA:2279,0
DA:2280,0
DA:2282,0
DA:2285,0
DA:2287,0
DA:2288,0
DA:2289,0
DA:2290,0
DA:2291,0
DA:2293,0
DA:2296,0
DA:2311,0
DA:2313,0
DA:2314,0
DA:2315,0
DA:2316,0
DA:2321,0
DA:2322,0
DA:2327,0
DA:2328,0
DA:2329,0
DA:2334,0
DA:2335,0
DA:2336,0
DA:2338,0
DA:2341,0
DA:2344,0
DA:2345,0
DA:2355,0
DA:2356,0
DA:2357,0
DA:2361,0
DA:2362,0
DA:2366,0
DA:2367,0
DA:2368,0
DA:2369,0
DA:2370,0
DA:2371,0
DA:2382,0
DA:2383,0
DA:2388,0
DA:2389,0
DA:2390,0
DA:2391,0
DA:2392,0
DA:2394,0
DA:2401,0
DA:2402,0
DA:2403,0
DA:2404,0
DA:2405,0
DA:2407,0
DA:2409,0
DA:2410,0
DA:2413,0
DA:2414,0
DA:2415,0
DA:2416,0
DA:2417,0
DA:2420,0
DA:2421,0
DA:2427,0
DA:2428,0
DA:2430,0
DA:2435,0
DA:2436,0
DA:2441,0
DA:2443,0
DA:2444,0
DA:2445,0
DA:2446,0
DA:2448,0
DA:2449,0
DA:2455,0
DA:2457,0
DA:2458,0
DA:2459,0
DA:2460,0
DA:2464,0
DA:2465,0
DA:2466,0
DA:2467,0
DA:2469,0
DA:2470,0
DA:2476,0
DA:2477,0
DA:2479,0
DA:2482,0
DA:2483,0
DA:2484,0
DA:2485,0
DA:2486,0
DA:2487,0
DA:2488,0
DA:2491,0
DA:2492,0
DA:2493,0
DA:2494,0
DA:2495,0
DA:2497,0
DA:2502,0
DA:2507,0
DA:2509,0
DA:2510,0
DA:2512,0
DA:2514,0
DA:2521,0
DA:2522,0
DA:2528,0
DA:2530,0
DA:2531,0
DA:2532,0
DA:2536,0
DA:2537,0
DA:2538,0
DA:2540,0
DA:2541,0
DA:2543,0
DA:2549,0
DA:2550,0
DA:2551,0
DA:2552,0
DA:2557,0
DA:2558,0
DA:2559,0
DA:2560,0
DA:2565,0
DA:2566,0
DA:2571,0
DA:2573,0
DA:2574,0
DA:2575,0
DA:2576,0
DA:2577,0
DA:2580,0
DA:2581,0
DA:2582,0
DA:2583,0
DA:2586,0
DA:2587,0
DA:2593,0
DA:2595,0
DA:2596,0
DA:2597,0
DA:2598,0
DA:2601,0
DA:2602,0
DA:2603,0
DA:2604,0
DA:2606,0
DA:2607,0
DA:2613,0
DA:2614,0
DA:2616,0
DA:2617,0
DA:2618,0
DA:2620,0
DA:2621,0
LF:1063
LH:0
BRDA:6,0,0,0
BRDA:6,0,1,0
BRDA:12,1,0,0
BRDA:12,1,1,0
BRDA:12,2,0,0
BRDA:12,2,1,0
BRDA:31,3,0,0
BRDA:31,3,1,0
BRDA:54,4,0,0
BRDA:60,5,0,0
BRDA:60,5,1,0
BRDA:67,6,0,0
BRDA:67,6,1,0
BRDA:73,7,0,0
BRDA:73,7,1,0
BRDA:79,8,0,0
BRDA:79,8,1,0
BRDA:88,9,0,0
BRDA:88,9,1,0
BRDA:104,10,0,0
BRDA:104,10,1,0
BRDA:104,10,2,0
BRDA:104,10,3,0
BRDA:106,11,0,0
BRDA:106,11,1,0
BRDA:109,12,0,0
BRDA:109,12,1,0
BRDA:112,13,0,0
BRDA:112,13,1,0
BRDA:115,14,0,0
BRDA:115,14,1,0
BRDA:145,15,0,0
BRDA:145,15,1,0
BRDA:146,16,0,0
BRDA:146,16,1,0
BRDA:147,17,0,0
BRDA:147,17,1,0
BRDA:190,18,0,0
BRDA:190,18,1,0
BRDA:213,19,0,0
BRDA:213,19,1,0
BRDA:222,20,0,0
BRDA:222,20,1,0
BRDA:245,21,0,0
BRDA:245,21,1,0
BRDA:269,22,0,0
BRDA:269,22,1,0
BRDA:280,23,0,0
BRDA:280,23,1,0
BRDA:287,24,0,0
BRDA:287,24,1,0
BRDA:310,25,0,0
BRDA:310,25,1,0
BRDA:329,26,0,0
BRDA:329,26,1,0
BRDA:354,27,0,0
BRDA:354,27,1,0
BRDA:368,28,0,0
BRDA:368,28,1,0
BRDA:368,29,0,0
BRDA:368,29,1,0
BRDA:374,30,0,0
BRDA:374,30,1,0
BRDA:374,31,0,0
BRDA:374,31,1,0
BRDA:380,32,0,0
BRDA:380,32,1,0
BRDA:396,33,0,0
BRDA:396,33,1,0
BRDA:401,34,0,0
BRDA:401,34,1,0
BRDA:406,35,0,0
BRDA:406,35,1,0
BRDA:409,36,0,0
BRDA:409,36,1,0
BRDA:416,37,0,0
BRDA:416,37,1,0
BRDA:417,38,0,0
BRDA:417,38,1,0
BRDA:431,39,0,0
BRDA:431,39,1,0
BRDA:449,40,0,0
BRDA:449,40,1,0
BRDA:456,41,0,0
BRDA:456,41,1,0
BRDA:456,42,0,0
BRDA:456,42,1,0
BRDA:467,43,0,0
BRDA:467,43,1,0
BRDA:478,44,0,0
BRDA:478,44,1,0
BRDA:478,45,0,0
BRDA:478,45,1,0
BRDA:482,46,0,0
BRDA:482,46,1,0
BRDA:484,47,0,0
BRDA:484,47,1,0
BRDA:485,48,0,0
BRDA:485,48,1,0
BRDA:501,49,0,0
BRDA:501,49,1,0
BRDA:507,50,0,0
BRDA:507,50,1,0
BRDA:526,51,0,0
BRDA:526,51,1,0
BRDA:557,52,0,0
BRDA:557,52,1,0
BRDA:592,53,0,0
BRDA:592,53,1,0
BRDA:627,54,0,0
BRDA:627,54,1,0
BRDA:636,55,0,0
BRDA:636,55,1,0
BRDA:637,56,0,0
BRDA:637,56,1,0
BRDA:665,57,0,0
BRDA:665,57,1,0
BRDA:722,58,0,0
BRDA:722,58,1,0
BRDA:722,59,0,0
BRDA:722,59,1,0
BRDA:731,60,0,0
BRDA:731,60,1,0
BRDA:738,61,0,0
BRDA:738,61,1,0
BRDA:738,62,0,0
BRDA:738,62,1,0
BRDA:745,63,0,0
BRDA:745,63,1,0
BRDA:755,64,0,0
BRDA:755,64,1,0
BRDA:771,65,0,0
BRDA:771,65,1,0
BRDA:782,66,0,0
BRDA:782,66,1,0
BRDA:793,67,0,0
BRDA:793,67,1,0
BRDA:793,68,0,0
BRDA:793,68,1,0
BRDA:797,69,0,0
BRDA:797,69,1,0
BRDA:802,70,0,0
BRDA:802,70,1,0
BRDA:803,71,0,0
BRDA:803,71,1,0
BRDA:805,72,0,0
BRDA:805,72,1,0
BRDA:806,73,0,0
BRDA:806,73,1,0
BRDA:828,74,0,0
BRDA:828,74,1,0
BRDA:828,75,0,0
BRDA:828,75,1,0
BRDA:837,76,0,0
BRDA:837,76,1,0
BRDA:839,77,0,0
BRDA:839,77,1,0
BRDA:846,78,0,0
BRDA:846,78,1,0
BRDA:847,79,0,0
BRDA:847,79,1,0
BRDA:851,80,0,0
BRDA:851,80,1,0
BRDA:868,81,0,0
BRDA:868,81,1,0
BRDA:881,82,0,0
BRDA:881,82,1,0
BRDA:901,83,0,0
BRDA:901,83,1,0
BRDA:902,84,0,0
BRDA:902,84,1,0
BRDA:944,85,0,0
BRDA:944,85,1,0
BRDA:1002,86,0,0
BRDA:1002,86,1,0
BRDA:1013,87,0,0
BRDA:1013,87,1,0
BRDA:1013,88,0,0
BRDA:1013,88,1,0
BRDA:1025,89,0,0
BRDA:1025,89,1,0
BRDA:1070,90,0,0
BRDA:1070,90,1,0
BRDA:1072,91,0,0
BRDA:1072,91,1,0
BRDA:1086,92,0,0
BRDA:1086,92,1,0
BRDA:1120,93,0,0
BRDA:1120,93,1,0
BRDA:1169,94,0,0
BRDA:1169,94,1,0
BRDA:1181,95,0,0
BRDA:1181,95,1,0
BRDA:1195,96,0,0
BRDA:1195,96,1,0
BRDA:1226,97,0,0
BRDA:1226,97,1,0
BRDA:1242,98,0,0
BRDA:1242,98,1,0
BRDA:1243,99,0,0
BRDA:1243,99,1,0
BRDA:1279,100,0,0
BRDA:1279,100,1,0
BRDA:1279,101,0,0
BRDA:1279,101,1,0
BRDA:1279,101,2,0
BRDA:1279,101,3,0
BRDA:1279,101,4,0
BRDA:1284,102,0,0
BRDA:1284,102,1,0
BRDA:1284,103,0,0
BRDA:1284,103,1,0
BRDA:1290,104,0,0
BRDA:1290,104,1,0
BRDA:1297,105,0,0
BRDA:1297,105,1,0
BRDA:1307,106,0,0
BRDA:1307,106,1,0
BRDA:1308,107,0,0
BRDA:1308,107,1,0
BRDA:1331,108,0,0
BRDA:1331,108,1,0
BRDA:1332,109,0,0
BRDA:1332,109,1,0
BRDA:1343,110,0,0
BRDA:1343,110,1,0
BRDA:1349,111,0,0
BRDA:1349,111,1,0
BRDA:1360,112,0,0
BRDA:1360,112,1,0
BRDA:1364,113,0,0
BRDA:1364,113,1,0
BRDA:1392,114,0,0
BRDA:1392,114,1,0
BRDA:1403,115,0,0
BRDA:1403,115,1,0
BRDA:1417,116,0,0
BRDA:1417,116,1,0
BRDA:1443,117,0,0
BRDA:1443,117,1,0
BRDA:1444,118,0,0
BRDA:1444,118,1,0
BRDA:1458,119,0,0
BRDA:1458,119,1,0
BRDA:1458,120,0,0
BRDA:1458,120,1,0
BRDA:1458,120,2,0
BRDA:1458,120,3,0
BRDA:1464,121,0,0
BRDA:1464,121,1,0
BRDA:1470,122,0,0
BRDA:1470,122,1,0
BRDA:1479,123,0,0
BRDA:1479,123,1,0
BRDA:1495,124,0,0
BRDA:1495,124,1,0
BRDA:1505,125,0,0
BRDA:1505,125,1,0
BRDA:1506,126,0,0
BRDA:1506,126,1,0
BRDA:1514,127,0,0
BRDA:1514,127,1,0
BRDA:1517,128,0,0
BRDA:1517,128,1,0
BRDA:1529,129,0,0
BRDA:1529,129,1,0
BRDA:1557,130,0,0
BRDA:1557,130,1,0
BRDA:1563,131,0,0
BRDA:1563,131,1,0
BRDA:1566,132,0,0
BRDA:1566,132,1,0
BRDA:1578,133,0,0
BRDA:1578,133,1,0
BRDA:1583,134,0,0
BRDA:1583,134,1,0
BRDA:1587,135,0,0
BRDA:1587,135,1,0
BRDA:1613,136,0,0
BRDA:1613,136,1,0
BRDA:1615,137,0,0
BRDA:1615,137,1,0
BRDA:1626,138,0,0
BRDA:1626,138,1,0
BRDA:1628,139,0,0
BRDA:1628,139,1,0
BRDA:1628,140,0,0
BRDA:1628,140,1,0
BRDA:1634,141,0,0
BRDA:1634,141,1,0
BRDA:1636,142,0,0
BRDA:1636,142,1,0
BRDA:1637,143,0,0
BRDA:1637,143,1,0
BRDA:1645,144,0,0
BRDA:1645,144,1,0
BRDA:1669,145,0,0
BRDA:1669,145,1,0
BRDA:1671,146,0,0
BRDA:1671,146,1,0
BRDA:1686,147,0,0
BRDA:1686,147,1,0
BRDA:1706,148,0,0
BRDA:1706,148,1,0
BRDA:1708,149,0,0
BRDA:1708,149,1,0
BRDA:1720,150,0,0
BRDA:1720,150,1,0
BRDA:1744,151,0,0
BRDA:1744,151,1,0
BRDA:1756,152,0,0
BRDA:1756,152,1,0
BRDA:1778,153,0,0
BRDA:1778,153,1,0
BRDA:1778,154,0,0
BRDA:1778,154,1,0
BRDA:1795,155,0,0
BRDA:1795,155,1,0
BRDA:1798,156,0,0
BRDA:1798,156,1,0
BRDA:1806,157,0,0
BRDA:1806,157,1,0
BRDA:1807,158,0,0
BRDA:1807,158,1,0
BRDA:1807,158,2,0
BRDA:1808,159,0,0
BRDA:1808,159,1,0
BRDA:1811,160,0,0
BRDA:1811,160,1,0
BRDA:1819,161,0,0
BRDA:1819,161,1,0
BRDA:1820,162,0,0
BRDA:1820,162,1,0
BRDA:1820,162,2,0
BRDA:1843,163,0,0
BRDA:1843,163,1,0
BRDA:1858,164,0,0
BRDA:1858,164,1,0
BRDA:1859,165,0,0
BRDA:1859,165,1,0
BRDA:1860,166,0,0
BRDA:1860,166,1,0
BRDA:1863,167,0,0
BRDA:1863,167,1,0
BRDA:1864,168,0,0
BRDA:1864,168,1,0
BRDA:1871,169,0,0
BRDA:1871,169,1,0
BRDA:1883,170,0,0
BRDA:1883,170,1,0
BRDA:1892,171,0,0
BRDA:1892,171,1,0
BRDA:1902,172,0,0
BRDA:1902,172,1,0
BRDA:1903,173,0,0
BRDA:1903,173,1,0
BRDA:1904,174,0,0
BRDA:1904,174,1,0
BRDA:1906,175,0,0
BRDA:1906,175,1,0
BRDA:1907,176,0,0
BRDA:1907,176,1,0
BRDA:1915,177,0,0
BRDA:1915,177,1,0
BRDA:1920,178,0,0
BRDA:1920,178,1,0
BRDA:1936,179,0,0
BRDA:1936,179,1,0
BRDA:1936,180,0,0
BRDA:1936,180,1,0
BRDA:1943,181,0,0
BRDA:1943,181,1,0
BRDA:1948,182,0,0
BRDA:1948,182,1,0
BRDA:1948,183,0,0
BRDA:1948,183,1,0
BRDA:1948,183,2,0
BRDA:1974,184,0,0
BRDA:1974,184,1,0
BRDA:1975,185,0,0
BRDA:1975,185,1,0
BRDA:1976,186,0,0
BRDA:1976,186,1,0
BRDA:1978,187,0,0
BRDA:1978,187,1,0
BRDA:1979,188,0,0
BRDA:1979,188,1,0
BRDA:1980,189,0,0
BRDA:1980,189,1,0
BRDA:1981,190,0,0
BRDA:1981,190,1,0
BRDA:1982,191,0,0
BRDA:1982,191,1,0
BRDA:1983,192,0,0
BRDA:1983,192,1,0
BRDA:1984,193,0,0
BRDA:1984,193,1,0
BRDA:1985,194,0,0
BRDA:1985,194,1,0
BRDA:1986,195,0,0
BRDA:1986,195,1,0
BRDA:1987,196,0,0
BRDA:1987,196,1,0
BRDA:2025,197,0,0
BRDA:2025,197,1,0
BRDA:2027,198,0,0
BRDA:2027,198,1,0
BRDA:2040,199,0,0
BRDA:2040,199,1,0
BRDA:2041,200,0,0
BRDA:2041,200,1,0
BRDA:2042,201,0,0
BRDA:2042,201,1,0
BRDA:2043,202,0,0
BRDA:2043,202,1,0
BRDA:2045,203,0,0
BRDA:2045,203,1,0
BRDA:2059,204,0,0
BRDA:2059,204,1,0
BRDA:2063,205,0,0
BRDA:2063,205,1,0
BRDA:2064,206,0,0
BRDA:2064,206,1,0
BRDA:2066,207,0,0
BRDA:2066,207,1,0
BRDA:2070,208,0,0
BRDA:2070,208,1,0
BRDA:2071,209,0,0
BRDA:2071,209,1,0
BRDA:2072,210,0,0
BRDA:2072,210,1,0
BRDA:2084,211,0,0
BRDA:2084,211,1,0
BRDA:2090,212,0,0
BRDA:2090,212,1,0
BRDA:2107,213,0,0
BRDA:2107,213,1,0
BRDA:2107,214,0,0
BRDA:2107,214,1,0
BRDA:2127,215,0,0
BRDA:2127,215,1,0
BRDA:2129,216,0,0
BRDA:2129,216,1,0
BRDA:2130,217,0,0
BRDA:2130,217,1,0
BRDA:2131,218,0,0
BRDA:2131,218,1,0
BRDA:2132,219,0,0
BRDA:2132,219,1,0
BRDA:2133,220,0,0
BRDA:2133,220,1,0
BRDA:2134,221,0,0
BRDA:2134,221,1,0
BRDA:2135,222,0,0
BRDA:2135,222,1,0
BRDA:2136,223,0,0
BRDA:2136,223,1,0
BRDA:2137,224,0,0
BRDA:2137,224,1,0
BRDA:2138,225,0,0
BRDA:2138,225,1,0
BRDA:2139,226,0,0
BRDA:2139,226,1,0
BRDA:2180,227,0,0
BRDA:2180,227,1,0
BRDA:2181,228,0,0
BRDA:2181,228,1,0
BRDA:2183,229,0,0
BRDA:2183,229,1,0
BRDA:2192,230,0,0
BRDA:2192,230,1,0
BRDA:2198,231,0,0
BRDA:2198,231,1,0
BRDA:2201,232,0,0
BRDA:2201,232,1,0
BRDA:2204,233,0,0
BRDA:2204,233,1,0
BRDA:2215,234,0,0
BRDA:2215,234,1,0
BRDA:2215,235,0,0
BRDA:2215,235,1,0
BRDA:2224,236,0,0
BRDA:2224,236,1,0
BRDA:2230,237,0,0
BRDA:2230,237,1,0
BRDA:2238,238,0,0
BRDA:2238,238,1,0
BRDA:2248,239,0,0
BRDA:2248,239,1,0
BRDA:2248,240,0,0
BRDA:2248,240,1,0
BRDA:2249,241,0,0
BRDA:2249,241,1,0
BRDA:2250,242,0,0
BRDA:2250,242,1,0
BRDA:2251,243,0,0
BRDA:2251,243,1,0
BRDA:2255,244,0,0
BRDA:2255,244,1,0
BRDA:2264,245,0,0
BRDA:2264,245,1,0
BRDA:2272,246,0,0
BRDA:2272,246,1,0
BRDA:2274,247,0,0
BRDA:2274,247,1,0
BRDA:2274,248,0,0
BRDA:2274,248,1,0
BRDA:2280,249,0,0
BRDA:2280,249,1,0
BRDA:2281,250,0,0
BRDA:2281,250,1,0
BRDA:2282,251,0,0
BRDA:2282,251,1,0
BRDA:2283,252,0,0
BRDA:2283,252,1,0
BRDA:2288,253,0,0
BRDA:2288,253,1,0
BRDA:2289,254,0,0
BRDA:2289,254,1,0
BRDA:2290,255,0,0
BRDA:2290,255,1,0
BRDA:2291,256,0,0
BRDA:2291,256,1,0
BRDA:2293,257,0,0
BRDA:2293,257,1,0
BRDA:2301,258,0,0
BRDA:2301,258,1,0
BRDA:2313,259,0,0
BRDA:2313,259,1,0
BRDA:2314,260,0,0
BRDA:2314,260,1,0
BRDA:2315,261,0,0
BRDA:2315,261,1,0
BRDA:2327,262,0,0
BRDA:2327,262,1,0
BRDA:2335,263,0,0
BRDA:2335,263,1,0
BRDA:2344,264,0,0
BRDA:2344,264,1,0
BRDA:2368,265,0,0
BRDA:2368,265,1,0
BRDA:2370,266,0,0
BRDA:2370,266,1,0
BRDA:2389,267,0,0
BRDA:2389,267,1,0
BRDA:2407,268,0,0
BRDA:2407,268,1,0
BRDA:2413,269,0,0
BRDA:2413,269,1,0
BRDA:2417,270,0,0
BRDA:2417,270,1,0
BRDA:2457,271,0,0
BRDA:2457,271,1,0
BRDA:2458,272,0,0
BRDA:2458,272,1,0
BRDA:2477,273,0,0
BRDA:2477,273,1,0
BRDA:2482,274,0,0
BRDA:2482,274,1,0
BRDA:2486,275,0,0
BRDA:2486,275,1,0
BRDA:2487,276,0,0
BRDA:2487,276,1,0
BRDA:2488,277,0,0
BRDA:2488,277,1,0
BRDA:2491,278,0,0
BRDA:2491,278,1,0
BRDA:2492,279,0,0
BRDA:2492,279,1,0
BRDA:2493,280,0,0
BRDA:2493,280,1,0
BRDA:2494,281,0,0
BRDA:2494,281,1,0
BRDA:2495,282,0,0
BRDA:2495,282,1,0
BRDA:2510,283,0,0
BRDA:2510,283,1,0
BRDA:2516,284,0,0
BRDA:2516,284,1,0
BRDA:2517,285,0,0
BRDA:2517,285,1,0
BRDA:2518,286,0,0
BRDA:2518,286,1,0
BRDA:2530,287,0,0
BRDA:2530,287,1,0
BRDA:2531,288,0,0
BRDA:2531,288,1,0
BRDA:2580,289,0,0
BRDA:2580,289,1,0
BRDA:2595,290,0,0
BRDA:2595,290,1,0
BRDA:2596,291,0,0
BRDA:2596,291,1,0
BRDA:2616,292,0,0
BRDA:2616,292,1,0
BRF:595
BRH:0
end_of_record
TN:
SF:logger.js
FN:19,(anonymous_0)
FN:77,(anonymous_1)
FN:88,(anonymous_2)
FN:91,(anonymous_3)
FN:108,(anonymous_4)
FNF:5
FNH:0
FNDA:0,(anonymous_0)
FNDA:0,(anonymous_1)
FNDA:0,(anonymous_2)
FNDA:0,(anonymous_3)
FNDA:0,(anonymous_4)
DA:6,1
DA:9,1
DA:16,1
DA:20,0
DA:21,0
DA:26,1
DA:64,1
DA:65,0
DA:66,0
DA:67,0
DA:78,0
DA:81,0
DA:83,0
DA:88,1
DA:89,0
DA:91,0
DA:92,0
DA:93,0
DA:103,0
DA:107,1
DA:109,0
DA:113,1
LF:22
LH:8
BRDA:20,0,0,0
BRDA:20,0,1,0
BRDA:27,1,0,1
BRDA:27,1,1,1
BRDA:31,2,0,1
BRDA:31,2,1,0
BRDA:36,3,0,0
BRDA:36,3,1,1
BRDA:64,4,0,0
BRDA:64,4,1,1
BRDA:64,5,0,1
BRDA:64,5,1,0
BRDA:71,6,0,0
BRDA:71,6,1,0
BRDA:98,7,0,0
BRDA:98,7,1,0
BRF:16
BRH:6
end_of_record
TN:
SF:metrics.js
FN:101,(anonymous_0)
FN:104,(anonymous_1)
FN:130,(anonymous_2)
FNF:3
FNH:0
FNDA:0,(anonymous_0)
FNDA:0,(anonymous_1)
FNDA:0,(anonymous_2)
DA:6,1
DA:9,1
DA:12,1
DA:22,1
DA:28,1
DA:31,1
DA:36,1
DA:39,1
DA:43,1
DA:46,1
DA:50,1
DA:53,1
DA:57,1
DA:60,1
DA:65,1
DA:68,1
DA:72,1
DA:75,1
DA:80,1
DA:83,1
DA:87,1
DA:90,1
DA:96,1
DA:101,1
DA:102,0
DA:104,0
DA:105,0
DA:106,0
DA:109,0
DA:111,0
DA:112,0
DA:114,0
DA:120,0
DA:121,0
DA:124,0
DA:130,1
DA:131,0
DA:132,0
DA:140,0
DA:141,0
DA:142,0
DA:143,0
DA:145,0
DA:149,1
LF:44
LH:26
BRDA:109,0,0,0
BRDA:109,0,1,0
BRF:2
BRH:0
end_of_record
TN:
SF:register.js
FN:3,(anonymous_0)
FN:17,initRegistration
FN:23,initForm
FN:35,(anonymous_3)
FN:36,(anonymous_4)
FN:37,(anonymous_5)
FN:40,(anonymous_6)
FN:97,validateName
FN:112,validateEmail
FN:128,validateBirthday
FN:154,updateCardPreview
FN:161,initNavigation
FN:168,(anonymous_12)
FN:170,(anonymous_13)
FN:174,(anonymous_14)
FN:178,(anonymous_15)
FN:182,(anonymous_16)
FN:188,goToStep
FN:189,(anonymous_18)
FN:198,updateProgress
FN:207,addToAppleWallet
FN:211,(anonymous_21)
FN:219,(anonymous_22)
FN:225,addToGoogleWallet
FN:230,(anonymous_24)
FN:235,showSuccessScreen
FN:236,(anonymous_26)
FN:245,createConfetti
FNF:28
FNH:0
FNDA:0,(anonymous_0)
FNDA:0,initRegistration
FNDA:0,initForm
FNDA:0,(anonymous_3)
FNDA:0,(anonymous_4)
FNDA:0,(anonymous_5)
FNDA:0,(anonymous_6)
FNDA:0,validateName
FNDA:0,validateEmail
FNDA:0,validateBirthday
FNDA:0,updateCardPreview
FNDA:0,initNavigation
FNDA:0,(anonymous_12)
FNDA:0,(anonymous_13)
FNDA:0,(anonymous_14)
FNDA:0,(anonymous_15)
FNDA:0,(anonymous_16)
FNDA:0,goToStep
FNDA:0,(anonymous_18)
FNDA:0,updateProgress
FNDA:0,addToAppleWallet
FNDA:0,(anonymous_21)
FNDA:0,(anonymous_22)
FNDA:0,addToGoogleWallet
FNDA:0,(anonymous_24)
FNDA:0,showSuccessScreen
FNDA:0,(anonymous_26)
FNDA:0,createConfetti
DA:3,0
DA:4,0
DA:8,0
DA:9,0
DA:18,0
DA:19,0
DA:24,0
DA:25,0
DA:26,0
DA:27,0
DA:30,0
DA:31,0
DA:32,0
DA:35,0
DA:36,0
DA:37,0
DA:40,0
DA:41,0
DA:43,0
DA:44,0
DA:45,0
DA:47,0
DA:49,0
DA:50,0
DA:51,0
DA:52,0
DA:54,0
DA:56,0
DA:67,0
DA:69,0
DA:71,0
DA:72,0
DA:73,0
DA:74,0
DA:75,0
DA:78,0
DA:81,0
DA:83,0
DA:84,0
DA:85,0
DA:88,0
DA:89,0
DA:90,0
DA:91,0
DA:98,0
DA:99,0
DA:101,0
DA:102,0
DA:103,0
DA:104,0
DA:107,0
DA:108,0
DA:109,0
DA:113,0
DA:114,0
DA:115,0
DA:117,0
DA:118,0
DA:119,0
DA:120,0
DA:123,0
DA:124,0
DA:125,0
DA:129,0
DA:130,0
DA:132,0
DA:133,0
DA:134,0
DA:135,0
DA:138,0
DA:139,0
DA:140,0
DA:142,0
DA:143,0
DA:144,0
DA:145,0
DA:148,0
DA:149,0
DA:150,0
DA:155,0
DA:156,0
DA:157,0
DA:162,0
DA:163,0
DA:164,0
DA:165,0
DA:166,0
DA:168,0
DA:170,0
DA:171,0
DA:174,0
DA:175,0
DA:178,0
DA:179,0
DA:182,0
DA:183,0
DA:184,0
DA:189,0
DA:190,0
DA:191,0
DA:192,0
DA:193,0
DA:195,0
DA:199,0
DA:200,0
DA:201,0
DA:202,0
DA:203,0
DA:209,0
DA:210,0
DA:211,0
DA:212,0
DA:215,0
DA:216,0
DA:217,0
DA:219,0
DA:220,0
DA:226,0
DA:227,0
DA:228,0
DA:230,0
DA:231,0
DA:236,0
DA:237,0
DA:238,0
DA:239,0
DA:240,0
DA:241,0
DA:246,0
DA:247,0
DA:249,0
DA:250,0
DA:251,0
DA:263,0
DA:266,0
DA:267,0
DA:268,0
DA:269,0
DA:284,0
LF:139
LH:0
BRDA:47,0,0,0
BRDA:47,0,1,0
BRDA:47,1,0,0
BRDA:47,1,1,0
BRDA:47,1,2,0
BRDA:69,2,0,0
BRDA:69,2,1,0
BRDA:83,3,0,0
BRDA:83,3,1,0
BRDA:101,4,0,0
BRDA:101,4,1,0
BRDA:103,5,0,0
BRDA:103,5,1,0
BRDA:117,6,0,0
BRDA:117,6,1,0
BRDA:119,7,0,0
BRDA:119,7,1,0
BRDA:132,8,0,0
BRDA:132,8,1,0
BRDA:142,9,0,0
BRDA:142,9,1,0
BRDA:191,10,0,0
BRDA:191,10,1,0
BRDA:209,11,0,0
BRDA:209,11,1,0
BRDA:235,12,0,0
BRDA:258,13,0,0
BRDA:258,13,1,0
BRDA:266,14,0,0
BRDA:266,14,1,0
BRF:30
BRH:0
end_of_record
TN:
SF:server.js
FN:21,(anonymous_0)
FN:46,(anonymous_1)
FN:138,(anonymous_2)
FN:155,generateMemberId
FN:160,logTransaction
FN:207,(anonymous_5)
FN:253,(anonymous_6)
FN:286,(anonymous_7)
FN:318,(anonymous_8)
FN:395,(anonymous_9)
FN:459,(anonymous_10)
FN:501,(anonymous_11)
FN:528,(anonymous_12)
FN:564,(anonymous_13)
FN:608,(anonymous_14)
FN:651,(anonymous_15)
FN:710,(anonymous_16)
FN:731,(anonymous_17)
FN:757,(anonymous_18)
FN:798,(anonymous_19)
FN:839,(anonymous_20)
FN:877,(anonymous_21)
FN:927,(anonymous_22)
FN:969,(anonymous_23)
FN:979,(anonymous_24)
FN:995,(anonymous_25)
FN:1014,(anonymous_26)
FN:1031,(anonymous_27)
FN:1046,(anonymous_28)
FN:1095,(anonymous_29)
FN:1116,(anonymous_30)
FN:1126,(anonymous_31)
FN:1140,(anonymous_32)
FN:1155,(anonymous_33)
FN:1172,(anonymous_34)
FN:1182,(anonymous_35)
FN:1204,(anonymous_36)
FN:1219,(anonymous_37)
FN:1236,(anonymous_38)
FN:1293,(anonymous_39)
FN:1331,(anonymous_40)
FN:1414,(anonymous_41)
FN:1455,(anonymous_42)
FN:1456,(anonymous_43)
FN:1462,(anonymous_44)
FN:1467,(anonymous_45)
FNF:46
FNH:0
FNDA:0,(anonymous_0)
FNDA:0,(anonymous_1)
FNDA:0,(anonymous_2)
FNDA:0,generateMemberId
FNDA:0,logTransaction
FNDA:0,(anonymous_5)
FNDA:0,(anonymous_6)
FNDA:0,(anonymous_7)
FNDA:0,(anonymous_8)
FNDA:0,(anonymous_9)
FNDA:0,(anonymous_10)
FNDA:0,(anonymous_11)
FNDA:0,(anonymous_12)
FNDA:0,(anonymous_13)
FNDA:0,(anonymous_14)
FNDA:0,(anonymous_15)
FNDA:0,(anonymous_16)
FNDA:0,(anonymous_17)
FNDA:0,(anonymous_18)
FNDA:0,(anonymous_19)
FNDA:0,(anonymous_20)
FNDA:0,(anonymous_21)
FNDA:0,(anonymous_22)
FNDA:0,(anonymous_23)
FNDA:0,(anonymous_24)
FNDA:0,(anonymous_25)
FNDA:0,(anonymous_26)
FNDA:0,(anonymous_27)
FNDA:0,(anonymous_28)
FNDA:0,(anonymous_29)
FNDA:0,(anonymous_30)
FNDA:0,(anonymous_31)
FNDA:0,(anonymous_32)
FNDA:0,(anonymous_33)
FNDA:0,(anonymous_34)
FNDA:0,(anonymous_35)
FNDA:0,(anonymous_36)
FNDA:0,(anonymous_37)
FNDA:0,(anonymous_38)
FNDA:0,(anonymous_39)
FNDA:0,(anonymous_40)
FNDA:0,(anonymous_41)
FNDA:0,(anonymous_42)
FNDA:0,(anonymous_43)
FNDA:0,(anonymous_44)
FNDA:0,(anonymous_45)
DA:1,0
DA:2,0
DA:3,0
DA:4,0
DA:5,0
DA:6,0
DA:7,0
DA:8,0
DA:9,0
DA:12,0
DA:21,0
DA:22,0
DA:23,0
DA:24,0
DA:26,0
DA:36,0
DA:37,0
DA:38,0
DA:41,0
DA:46,0
DA:50,0
DA:51,0
DA:52,0
DA:53,0
DA:54,0
DA:55,0
DA:57,0
DA:60,0
DA:61,0
DA:62,0
DA:63,0
DA:64,0
DA:66,0
DA:69,0
DA:70,0
DA:71,0
DA:72,0
DA:75,0
DA:76,0
DA:80,0
DA:81,0
DA:86,0
DA:87,0
DA:88,0
DA:91,0
DA:100,0
DA:101,0
DA:102,0
DA:105,0
DA:108,0
DA:109,0
DA:114,0
DA:115,0
DA:116,0
DA:122,0
DA:138,0
DA:139,0
DA:141,0
DA:142,0
DA:144,0
DA:145,0
DA:147,0
DA:148,0
DA:151,0
DA:156,0
DA:161,0
DA:162,0
DA:163,0
DA:169,0
DA:201,0
DA:208,0
DA:209,0
DA:210,0
DA:212,0
DA:219,0
DA:222,0
DA:223,0
DA:226,0
DA:228,0
DA:229,0
DA:230,0
DA:232,0
DA:253,0
DA:254,0
DA:255,0
DA:256,0
DA:258,0
DA:259,0
DA:286,0
DA:287,0
DA:288,0
DA:289,0
DA:290,0
DA:292,0
DA:295,0
DA:296,0
DA:318,0
DA:319,0
DA:320,0
DA:323,0
DA:324,0
DA:325,0
DA:328,0
DA:329,0
DA:330,0
DA:333,0
DA:334,0
DA:335,0
DA:336,0
DA:339,0
DA:345,0
DA:352,0
DA:353,0
DA:354,0
DA:356,0
DA:361,0
DA:362,0
DA:366,0
DA:368,0
DA:370,0
DA:371,0
DA:395,0
DA:396,0
DA:397,0
DA:399,0
DA:400,0
DA:401,0
DA:404,0
DA:405,0
DA:409,0
DA:414,0
DA:421,0
DA:422,0
DA:423,0
DA:425,0
DA:429,0
DA:430,0
DA:434,0
DA:436,0
DA:438,0
DA:439,0
DA:456,0
DA:460,0
DA:461,0
DA:463,0
DA:468,0
DA:469,0
DA:472,0
DA:474,0
DA:475,0
DA:478,0
DA:479,0
DA:480,0
DA:483,0
DA:484,0
DA:486,0
DA:487,0
DA:489,0
DA:490,0
DA:501,0
DA:502,0
DA:503,0
DA:505,0
DA:510,0
DA:511,0
DA:514,0
DA:516,0
DA:517,0
DA:528,0
DA:529,0
DA:530,0
DA:531,0
DA:533,0
DA:545,0
DA:546,0
DA:549,0
DA:550,0
DA:552,0
DA:553,0
DA:564,0
DA:565,0
DA:566,0
DA:568,0
DA:569,0
DA:572,0
DA:573,0
DA:576,0
DA:577,0
DA:578,0
DA:581,0
DA:582,0
DA:584,0
DA:585,0
DA:587,0
DA:588,0
DA:592,0
DA:605,0
DA:609,0
DA:610,0
DA:612,0
DA:617,0
DA:618,0
DA:621,0
DA:624,0
DA:625,0
DA:628,0
DA:629,0
DA:630,0
DA:633,0
DA:634,0
DA:636,0
DA:637,0
DA:639,0
DA:640,0
DA:651,0
DA:652,0
DA:653,0
DA:655,0
DA:656,0
DA:659,0
DA:660,0
DA:663,0
DA:664,0
DA:665,0
DA:668,0
DA:669,0
DA:671,0
DA:672,0
DA:674,0
DA:675,0
DA:679,0
DA:710,0
DA:711,0
DA:712,0
DA:713,0
DA:721,0
DA:723,0
DA:724,0
DA:728,0
DA:730,0
DA:731,0
DA:732,0
DA:733,0
DA:734,0
DA:735,0
DA:736,0
DA:738,0
DA:739,0
DA:757,0
DA:758,0
DA:759,0
DA:760,0
DA:761,0
DA:762,0
DA:764,0
DA:771,0
DA:772,0
DA:798,0
DA:799,0
DA:800,0
DA:801,0
DA:802,0
DA:805,0
DA:809,0
DA:811,0
DA:812,0
DA:839,0
DA:840,0
DA:841,0
DA:842,0
DA:850,0
DA:852,0
DA:853,0
DA:857,0
DA:877,0
DA:878,0
DA:879,0
DA:882,0
DA:883,0
DA:884,0
DA:887,0
DA:890,0
DA:893,0
DA:895,0
DA:896,0
DA:898,0
DA:899,0
DA:927,0
DA:928,0
DA:929,0
DA:932,0
DA:934,0
DA:935,0
DA:938,0
DA:941,0
DA:944,0
DA:948,0
DA:951,0
DA:952,0
DA:955,0
DA:957,0
DA:958,0
DA:962,0
DA:963,0
DA:969,0
DA:970,0
DA:971,0
DA:972,0
DA:974,0
DA:975,0
DA:979,0
DA:980,0
DA:981,0
DA:982,0
DA:987,0
DA:988,0
DA:990,0
DA:991,0
DA:995,0
DA:996,0
DA:997,0
DA:998,0
DA:999,0
DA:1004,0
DA:1005,0
DA:1007,0
DA:1009,0
DA:1010,0
DA:1014,0
DA:1015,0
DA:1016,0
DA:1017,0
DA:1018,0
DA:1020,0
DA:1021,0
DA:1025,0
DA:1031,0
DA:1032,0
DA:1033,0
DA:1039,0
DA:1041,0
DA:1042,0
DA:1046,0
DA:1047,0
DA:1048,0
DA:1051,0
DA:1055,0
DA:1058,0
DA:1060,0
DA:1070,0
DA:1071,0
DA:1072,0
DA:1073,0
DA:1074,0
DA:1076,0
DA:1082,0
DA:1084,0
DA:1085,0
DA:1089,0
DA:1095,0
DA:1096,0
DA:1097,0
DA:1103,0
DA:1105,0
DA:1106,0
DA:1110,0
DA:1116,0
DA:1117,0
DA:1118,0
DA:1119,0
DA:1121,0
DA:1122,0
DA:1126,0
DA:1127,0
DA:1128,0
DA:1129,0
DA:1133,0
DA:1135,0
DA:1136,0
DA:1140,0
DA:1141,0
DA:1142,0
DA:1143,0
DA:1144,0
DA:1148,0
DA:1150,0
DA:1151,0
DA:1155,0
DA:1156,0
DA:1157,0
DA:1158,0
DA:1159,0
DA:1161,0
DA:1162,0
DA:1166,0
DA:1172,0
DA:1173,0
DA:1174,0
DA:1175,0
DA:1177,0
DA:1178,0
DA:1182,0
DA:1183,0
DA:1184,0
DA:1187,0
DA:1188,0
DA:1189,0
DA:1192,0
DA:1196,0
DA:1197,0
DA:1199,0
DA:1200,0
DA:1204,0
DA:1205,0
DA:1206,0
DA:1207,0
DA:1208,0
DA:1212,0
DA:1214,0
DA:1215,0
DA:1219,0
DA:1220,0
DA:1221,0
DA:1222,0
DA:1223,0
DA:1225,0
DA:1226,0
DA:1230,0
DA:1236,0
DA:1237,0
DA:1238,0
DA:1239,0
DA:1241,0
DA:1242,0
DA:1243,0
DA:1244,0
DA:1246,0
DA:1247,0
DA:1249,0
DA:1250,0
DA:1252,0
DA:1253,0
DA:1254,0
DA:1257,0
DA:1259,0
DA:1260,0
DA:1264,0
DA:1293,0
DA:1294,0
DA:1296,0
DA:1298,0
DA:1305,0
DA:1315,0
DA:1331,0
DA:1332,0
DA:1334,0
DA:1336,0
DA:1337,0
DA:1338,0
DA:1341,0
DA:1348,0
DA:1357,0
DA:1366,0
DA:1369,0
DA:1370,0
DA:1371,0
DA:1372,0
DA:1373,0
DA:1375,0
DA:1414,0
DA:1428,0
DA:1431,0
DA:1432,0
DA:1444,0
DA:1452,0
DA:1455,0
DA:1456,0
DA:1457,0
DA:1462,0
DA:1463,0
DA:1467,0
DA:1468,0
DA:1471,0
LF:483
LH:0
BRDA:23,0,0,0
BRDA:23,0,1,0
BRDA:75,1,0,0
BRDA:75,1,1,0
BRDA:80,2,0,0
BRDA:80,2,1,0
BRDA:86,3,0,0
BRDA:86,3,1,0
BRDA:87,4,0,0
BRDA:87,4,1,0
BRDA:92,5,0,0
BRDA:92,5,1,0
BRDA:93,6,0,0
BRDA:93,6,1,0
BRDA:94,7,0,0
BRDA:94,7,1,0
BRDA:95,8,0,0
BRDA:95,8,1,0
BRDA:114,9,0,0
BRDA:114,9,1,0
BRDA:114,10,0,0
BRDA:114,10,1,0
BRDA:122,11,0,0
BRDA:122,11,1,0
BRDA:141,12,0,0
BRDA:141,12,1,0
BRDA:160,13,0,0
BRDA:160,14,0,0
BRDA:166,15,0,0
BRDA:166,15,1,0
BRDA:166,16,0,0
BRDA:166,16,1,0
BRDA:166,17,0,0
BRDA:166,17,1,0
BRDA:166,18,0,0
BRDA:166,18,1,0
BRDA:216,19,0,0
BRDA:216,19,1,0
BRDA:216,20,0,0
BRDA:216,20,1,0
BRDA:216,21,0,0
BRDA:216,21,1,0
BRDA:222,22,0,0
BRDA:222,22,1,0
BRDA:222,23,0,0
BRDA:222,23,1,0
BRDA:229,24,0,0
BRDA:229,24,1,0
BRDA:289,25,0,0
BRDA:289,25,1,0
BRDA:324,26,0,0
BRDA:324,26,1,0
BRDA:333,27,0,0
BRDA:333,27,1,0
BRDA:361,28,0,0
BRDA:361,28,1,0
BRDA:361,29,0,0
BRDA:361,29,1,0
BRDA:400,30,0,0
BRDA:400,30,1,0
BRDA:404,31,0,0
BRDA:404,31,1,0
BRDA:429,32,0,0
BRDA:429,32,1,0
BRDA:429,33,0,0
BRDA:429,33,1,0
BRDA:468,34,0,0
BRDA:468,34,1,0
BRDA:474,35,0,0
BRDA:474,35,1,0
BRDA:479,36,0,0
BRDA:479,36,1,0
BRDA:510,37,0,0
BRDA:510,37,1,0
BRDA:545,38,0,0
BRDA:545,38,1,0
BRDA:568,39,0,0
BRDA:568,39,1,0
BRDA:568,40,0,0
BRDA:568,40,1,0
BRDA:572,41,0,0
BRDA:572,41,1,0
BRDA:577,42,0,0
BRDA:577,42,1,0
BRDA:617,43,0,0
BRDA:617,43,1,0
BRDA:624,44,0,0
BRDA:624,44,1,0
BRDA:629,45,0,0
BRDA:629,45,1,0
BRDA:655,46,0,0
BRDA:655,46,1,0
BRDA:655,47,0,0
BRDA:655,47,1,0
BRDA:659,48,0,0
BRDA:659,48,1,0
BRDA:664,49,0,0
BRDA:664,49,1,0
BRDA:712,50,0,0
BRDA:712,50,1,0
BRDA:730,51,0,0
BRDA:730,51,1,0
BRDA:735,52,0,0
BRDA:735,52,1,0
BRDA:738,53,0,0
BRDA:738,53,1,0
BRDA:766,54,0,0
BRDA:766,54,1,0
BRDA:767,55,0,0
BRDA:767,55,1,0
BRDA:801,56,0,0
BRDA:801,56,1,0
BRDA:883,57,0,0
BRDA:883,57,1,0
BRDA:934,58,0,0
BRDA:934,58,1,0
BRDA:951,59,0,0
BRDA:951,59,1,0
BRDA:951,60,0,0
BRDA:951,60,1,0
BRDA:985,61,0,0
BRDA:985,61,1,0
BRDA:985,62,0,0
BRDA:985,62,1,0
BRDA:985,63,0,0
BRDA:985,63,1,0
BRDA:1004,64,0,0
BRDA:1004,64,1,0
BRDA:1053,65,0,0
BRDA:1053,65,1,0
BRDA:1058,66,0,0
BRDA:1058,66,1,0
BRDA:1070,67,0,0
BRDA:1070,67,1,0
BRDA:1188,68,0,0
BRDA:1188,68,1,0
BRDA:1188,69,0,0
BRDA:1188,69,1,0
BRDA:1194,70,0,0
BRDA:1194,70,1,0
BRDA:1194,71,0,0
BRDA:1194,71,1,0
BRDA:1194,72,0,0
BRDA:1194,72,1,0
BRDA:1210,73,0,0
BRDA:1210,73,1,0
BRDA:1241,74,0,0
BRDA:1241,74,1,0
BRDA:1249,75,0,0
BRDA:1249,75,1,0
BRDA:1253,76,0,0
BRDA:1253,76,1,0
BRDA:1407,77,0,0
BRDA:1407,77,1,0
BRDA:1408,78,0,0
BRDA:1408,78,1,0
BRF:156
BRH:0
end_of_record
TN:
SF:swagger.js
FNF:0
FNH:0
DA:6,1
DA:7,1
DA:9,1
DA:145,1
DA:148,1
DA:158,1
LF:6
LH:6
BRF:0
BRH:0
end_of_record
TN:
SF:wallet-pass.js
FN:9,generateAuthToken
FN:13,generatePass
FNF:2
FNH:0
FNDA:0,generateAuthToken
FNDA:0,generatePass
DA:2,0
DA:3,0
DA:4,0
DA:5,0
DA:7,0
DA:10,0
DA:14,0
DA:15,0
DA:16,0
DA:17,0
DA:18,0
DA:20,0
DA:22,0
DA:25,0
DA:26,0
DA:28,0
DA:29,0
DA:31,0
DA:32,0
DA:35,0
DA:48,0
DA:49,0
DA:50,0
DA:56,0
DA:68,0
DA:76,0
DA:84,0
DA:95,0
DA:96,0
DA:104,0
DA:110,0
DA:116,0
DA:122,0
DA:123,0
DA:125,0
DA:126,0
DA:130,0
DA:131,0
LF:38
LH:0
BRDA:15,0,0,0
BRDA:15,0,1,0
BRDA:16,1,0,0
BRDA:16,1,1,0
BRDA:17,2,0,0
BRDA:17,2,1,0
BRDA:17,2,2,0
BRDA:18,3,0,0
BRDA:18,3,1,0
BRDA:18,3,2,0
BRDA:28,4,0,0
BRDA:28,4,1,0
BRDA:32,5,0,0
BRDA:32,5,1,0
BRDA:48,6,0,0
BRDA:48,6,1,0
BRDA:95,7,0,0
BRDA:95,7,1,0
BRDA:95,8,0,0
BRDA:95,8,1,0
BRF:20
BRH:0
end_of_record
TN:
SF:wallet-service.js
FN:11,initWalletService
FN:20,verifyAuthToken
FN:32,(anonymous_2)
FN:59,(anonymous_3)
FN:81,(anonymous_4)
FN:109,(anonymous_5)
FN:110,(anonymous_6)
FN:125,(anonymous_7)
FN:162,(anonymous_8)
FN:166,(anonymous_9)
FN:172,triggerPassUpdate
FNF:11
FNH:0
FNDA:0,initWalletService
FNDA:0,verifyAuthToken
FNDA:0,(anonymous_2)
FNDA:0,(anonymous_3)
FNDA:0,(anonymous_4)
FNDA:0,(anonymous_5)
FNDA:0,(anonymous_6)
FNDA:0,(anonymous_7)
FNDA:0,(anonymous_8)
FNDA:0,(anonymous_9)
FNDA:0,triggerPassUpdate
DA:3,0
DA:4,0
DA:12,0
DA:13,0
DA:14,0
DA:17,0
DA:21,0
DA:22,0
DA:23,0
DA:24,0
DA:26,0
DA:27,0
DA:32,0
DA:33,0
DA:34,0
DA:35,0
DA:37,0
DA:38,0
DA:41,0
DA:49,0
DA:50,0
DA:52,0
DA:53,0
DA:59,0
DA:60,0
DA:61,0
DA:63,0
DA:65,0
DA:71,0
DA:72,0
DA:74,0
DA:75,0
DA:81,0
DA:82,0
DA:83,0
DA:84,0
DA:86,0
DA:89,0
DA:95,0
DA:97,0
DA:98,0
DA:99,0
DA:100,0
DA:103,0
DA:105,0
DA:106,0
DA:109,0
DA:110,0
DA:112,0
DA:113,0
DA:118,0
DA:119,0
DA:125,0
DA:126,0
DA:127,0
DA:129,0
DA:132,0
DA:134,0
DA:135,0
DA:136,0
DA:139,0
DA:142,0
DA:145,0
DA:147,0
DA:151,0
DA:153,0
DA:155,0
DA:156,0
DA:162,0
DA:163,0
DA:164,0
DA:165,0
DA:166,0
DA:168,0
DA:173,0
DA:175,0
DA:180,0
DA:181,0
DA:182,0
DA:186,0
DA:187,0
DA:188,0
DA:189,0
DA:190,0
DA:192,0
DA:196,0
DA:197,0
DA:199,0
DA:200,0
DA:204,0
DA:211,0
LF:91
LH:0
BRDA:22,0,0,0
BRDA:22,0,1,0
BRDA:22,1,0,0
BRDA:22,1,1,0
BRDA:97,2,0,0
BRDA:97,2,1,0
BRDA:105,3,0,0
BRDA:105,3,1,0
BRDA:134,4,0,0
BRDA:134,4,1,0
BRDA:164,5,0,0
BRDA:164,5,1,0
BRDA:164,6,0,0
BRDA:164,6,1,0
BRDA:180,7,0,0
BRDA:180,7,1,0
BRF:16
BRH:0
end_of_record
